CRITICAL - 2021-11-16 02:19:34 --> array_merge(): Expected parameter 2 to be an array, string given
#0 [internal function]: CodeIgniter\Debug\Exceptions->errorHandler(2, 'array_merge(): ...', 'C:\\xampp\\htdocs...', 63, Array)
#1 C:\xampp\htdocs\pos\app\Controllers\Api.php(63): array_merge(Array, 'eyJ0eXAiOiJKV1Q...')
#2 C:\xampp\htdocs\pos\system\CodeIgniter.php(824): App\Controllers\Api->login()
#3 C:\xampp\htdocs\pos\system\CodeIgniter.php(410): CodeIgniter\CodeIgniter->runController(Object(App\Controllers\Api))
#4 C:\xampp\htdocs\pos\system\CodeIgniter.php(318): CodeIgniter\CodeIgniter->handleRequest(NULL, Object(Config\Cache), false)
#5 C:\xampp\htdocs\pos\public\index.php(37): CodeIgniter\CodeIgniter->run()
#6 C:\xampp\htdocs\pos\system\Commands\Server\rewrite.php(43): require_once('C:\\xampp\\htdocs...')
#7 {main}
CRITICAL - 2021-11-16 02:22:38 --> syntax error, unexpected '...' (T_ELLIPSIS), expecting ']'
#0 C:\xampp\htdocs\pos\system\Router\Router.php(176): CodeIgniter\Router\Router->autoRoute('api/login')
#1 C:\xampp\htdocs\pos\system\CodeIgniter.php(718): CodeIgniter\Router\Router->handle('api/login')
#2 C:\xampp\htdocs\pos\system\CodeIgniter.php(359): CodeIgniter\CodeIgniter->tryToRouteIt(Object(CodeIgniter\Router\RouteCollection))
#3 C:\xampp\htdocs\pos\system\CodeIgniter.php(318): CodeIgniter\CodeIgniter->handleRequest(NULL, Object(Config\Cache), false)
#4 C:\xampp\htdocs\pos\public\index.php(37): CodeIgniter\CodeIgniter->run()
#5 C:\xampp\htdocs\pos\system\Commands\Server\rewrite.php(43): require_once('C:\\xampp\\htdocs...')
#6 {main}
CRITICAL - 2021-11-16 02:27:29 --> Undefined index: token
#0 C:\xampp\htdocs\pos\app\Controllers\Admin.php(36): CodeIgniter\Debug\Exceptions->errorHandler(8, 'Undefined index...', 'C:\\xampp\\htdocs...', 36, Array)
#1 C:\xampp\htdocs\pos\system\CodeIgniter.php(824): App\Controllers\Admin->karyawan()
#2 C:\xampp\htdocs\pos\system\CodeIgniter.php(410): CodeIgniter\CodeIgniter->runController(Object(App\Controllers\Admin))
#3 C:\xampp\htdocs\pos\system\CodeIgniter.php(318): CodeIgniter\CodeIgniter->handleRequest(NULL, Object(Config\Cache), false)
#4 C:\xampp\htdocs\pos\public\index.php(37): CodeIgniter\CodeIgniter->run()
#5 C:\xampp\htdocs\pos\system\Commands\Server\rewrite.php(43): require_once('C:\\xampp\\htdocs...')
#6 {main}
CRITICAL - 2021-11-16 02:32:20 --> Call to a member function getValue() on null
#0 C:\xampp\htdocs\pos\system\CodeIgniter.php(824): App\Controllers\Api->karyawan()
#1 C:\xampp\htdocs\pos\system\CodeIgniter.php(410): CodeIgniter\CodeIgniter->runController(Object(App\Controllers\Api))
#2 C:\xampp\htdocs\pos\system\CodeIgniter.php(318): CodeIgniter\CodeIgniter->handleRequest(NULL, Object(Config\Cache), false)
#3 C:\xampp\htdocs\pos\public\index.php(37): CodeIgniter\CodeIgniter->run()
#4 C:\xampp\htdocs\pos\system\Commands\Server\rewrite.php(43): require_once('C:\\xampp\\htdocs...')
#5 {main}
CRITICAL - 2021-11-16 02:32:26 --> Call to a member function getValue() on null
#0 C:\xampp\htdocs\pos\system\CodeIgniter.php(824): App\Controllers\Api->karyawan()
#1 C:\xampp\htdocs\pos\system\CodeIgniter.php(410): CodeIgniter\CodeIgniter->runController(Object(App\Controllers\Api))
#2 C:\xampp\htdocs\pos\system\CodeIgniter.php(318): CodeIgniter\CodeIgniter->handleRequest(NULL, Object(Config\Cache), false)
#3 C:\xampp\htdocs\pos\public\index.php(37): CodeIgniter\CodeIgniter->run()
#4 C:\xampp\htdocs\pos\system\Commands\Server\rewrite.php(43): require_once('C:\\xampp\\htdocs...')
#5 {main}
CRITICAL - 2021-11-16 02:32:57 --> Call to a member function getValue() on null
#0 C:\xampp\htdocs\pos\system\CodeIgniter.php(824): App\Controllers\Api->karyawan()
#1 C:\xampp\htdocs\pos\system\CodeIgniter.php(410): CodeIgniter\CodeIgniter->runController(Object(App\Controllers\Api))
#2 C:\xampp\htdocs\pos\system\CodeIgniter.php(318): CodeIgniter\CodeIgniter->handleRequest(NULL, Object(Config\Cache), false)
#3 C:\xampp\htdocs\pos\public\index.php(37): CodeIgniter\CodeIgniter->run()
#4 C:\xampp\htdocs\pos\system\Commands\Server\rewrite.php(43): require_once('C:\\xampp\\htdocs...')
#5 {main}
CRITICAL - 2021-11-16 02:34:42 --> Call to a member function getValue() on null
#0 C:\xampp\htdocs\pos\system\CodeIgniter.php(824): App\Controllers\Api->karyawan()
#1 C:\xampp\htdocs\pos\system\CodeIgniter.php(410): CodeIgniter\CodeIgniter->runController(Object(App\Controllers\Api))
#2 C:\xampp\htdocs\pos\system\CodeIgniter.php(318): CodeIgniter\CodeIgniter->handleRequest(NULL, Object(Config\Cache), false)
#3 C:\xampp\htdocs\pos\public\index.php(37): CodeIgniter\CodeIgniter->run()
#4 C:\xampp\htdocs\pos\system\Commands\Server\rewrite.php(43): require_once('C:\\xampp\\htdocs...')
#5 {main}
CRITICAL - 2021-11-16 02:42:09 --> Undefined offset: 1
#0 C:\xampp\htdocs\pos\app\Controllers\Api.php(82): CodeIgniter\Debug\Exceptions->errorHandler(8, 'Undefined offse...', 'C:\\xampp\\htdocs...', 82, Array)
#1 C:\xampp\htdocs\pos\system\CodeIgniter.php(824): App\Controllers\Api->karyawan()
#2 C:\xampp\htdocs\pos\system\CodeIgniter.php(410): CodeIgniter\CodeIgniter->runController(Object(App\Controllers\Api))
#3 C:\xampp\htdocs\pos\system\CodeIgniter.php(318): CodeIgniter\CodeIgniter->handleRequest(NULL, Object(Config\Cache), false)
#4 C:\xampp\htdocs\pos\public\index.php(37): CodeIgniter\CodeIgniter->run()
#5 C:\xampp\htdocs\pos\system\Commands\Server\rewrite.php(43): require_once('C:\\xampp\\htdocs...')
#6 {main}
CRITICAL - 2021-11-16 02:42:11 --> Undefined offset: 1
#0 C:\xampp\htdocs\pos\app\Controllers\Api.php(82): CodeIgniter\Debug\Exceptions->errorHandler(8, 'Undefined offse...', 'C:\\xampp\\htdocs...', 82, Array)
#1 C:\xampp\htdocs\pos\system\CodeIgniter.php(824): App\Controllers\Api->karyawan()
#2 C:\xampp\htdocs\pos\system\CodeIgniter.php(410): CodeIgniter\CodeIgniter->runController(Object(App\Controllers\Api))
#3 C:\xampp\htdocs\pos\system\CodeIgniter.php(318): CodeIgniter\CodeIgniter->handleRequest(NULL, Object(Config\Cache), false)
#4 C:\xampp\htdocs\pos\public\index.php(37): CodeIgniter\CodeIgniter->run()
#5 C:\xampp\htdocs\pos\system\Commands\Server\rewrite.php(43): require_once('C:\\xampp\\htdocs...')
#6 {main}
CRITICAL - 2021-11-16 02:42:20 --> Call to a member function getValue() on null
#0 C:\xampp\htdocs\pos\system\CodeIgniter.php(824): App\Controllers\Api->karyawan()
#1 C:\xampp\htdocs\pos\system\CodeIgniter.php(410): CodeIgniter\CodeIgniter->runController(Object(App\Controllers\Api))
#2 C:\xampp\htdocs\pos\system\CodeIgniter.php(318): CodeIgniter\CodeIgniter->handleRequest(NULL, Object(Config\Cache), false)
#3 C:\xampp\htdocs\pos\public\index.php(37): CodeIgniter\CodeIgniter->run()
#4 C:\xampp\htdocs\pos\system\Commands\Server\rewrite.php(43): require_once('C:\\xampp\\htdocs...')
#5 {main}
CRITICAL - 2021-11-16 02:42:27 --> Undefined offset: 1
#0 C:\xampp\htdocs\pos\app\Controllers\Api.php(82): CodeIgniter\Debug\Exceptions->errorHandler(8, 'Undefined offse...', 'C:\\xampp\\htdocs...', 82, Array)
#1 C:\xampp\htdocs\pos\system\CodeIgniter.php(824): App\Controllers\Api->karyawan()
#2 C:\xampp\htdocs\pos\system\CodeIgniter.php(410): CodeIgniter\CodeIgniter->runController(Object(App\Controllers\Api))
#3 C:\xampp\htdocs\pos\system\CodeIgniter.php(318): CodeIgniter\CodeIgniter->handleRequest(NULL, Object(Config\Cache), false)
#4 C:\xampp\htdocs\pos\public\index.php(37): CodeIgniter\CodeIgniter->run()
#5 C:\xampp\htdocs\pos\system\Commands\Server\rewrite.php(43): require_once('C:\\xampp\\htdocs...')
#6 {main}
CRITICAL - 2021-11-16 03:02:27 --> Call to a member function getValue() on null
#0 C:\xampp\htdocs\pos\system\CodeIgniter.php(824): App\Controllers\Api->karyawan()
#1 C:\xampp\htdocs\pos\system\CodeIgniter.php(410): CodeIgniter\CodeIgniter->runController(Object(App\Controllers\Api))
#2 C:\xampp\htdocs\pos\system\CodeIgniter.php(318): CodeIgniter\CodeIgniter->handleRequest(NULL, Object(Config\Cache), false)
#3 C:\xampp\htdocs\pos\public\index.php(37): CodeIgniter\CodeIgniter->run()
#4 C:\xampp\htdocs\pos\system\Commands\Server\rewrite.php(43): require_once('C:\\xampp\\htdocs...')
#5 {main}
CRITICAL - 2021-11-16 03:02:30 --> Call to a member function getValue() on null
#0 C:\xampp\htdocs\pos\system\CodeIgniter.php(824): App\Controllers\Api->karyawan()
#1 C:\xampp\htdocs\pos\system\CodeIgniter.php(410): CodeIgniter\CodeIgniter->runController(Object(App\Controllers\Api))
#2 C:\xampp\htdocs\pos\system\CodeIgniter.php(318): CodeIgniter\CodeIgniter->handleRequest(NULL, Object(Config\Cache), false)
#3 C:\xampp\htdocs\pos\public\index.php(37): CodeIgniter\CodeIgniter->run()
#4 C:\xampp\htdocs\pos\system\Commands\Server\rewrite.php(43): require_once('C:\\xampp\\htdocs...')
#5 {main}
CRITICAL - 2021-11-16 10:20:40 --> Malformed UTF-8 characters
#0 C:\xampp\htdocs\pos\vendor\firebase\php-jwt\src\JWT.php(329): Firebase\JWT\JWT::handleJsonError(5)
#1 C:\xampp\htdocs\pos\vendor\firebase\php-jwt\src\JWT.php(95): Firebase\JWT\JWT::jsonDecode('\xB1\xD7\xDE\xC8\x9D\x1E\\\x08\x8E\x88\x92\x95\xD5\x08\x8B...')
#2 C:\xampp\htdocs\pos\app\Controllers\Api.php(84): Firebase\JWT\JWT::decode('sdfeyJ0eXAiOiJK...', 'akuimuet', Array)
#3 C:\xampp\htdocs\pos\system\CodeIgniter.php(824): App\Controllers\Api->karyawan()
#4 C:\xampp\htdocs\pos\system\CodeIgniter.php(410): CodeIgniter\CodeIgniter->runController(Object(App\Controllers\Api))
#5 C:\xampp\htdocs\pos\system\CodeIgniter.php(318): CodeIgniter\CodeIgniter->handleRequest(NULL, Object(Config\Cache), false)
#6 C:\xampp\htdocs\pos\public\index.php(37): CodeIgniter\CodeIgniter->run()
#7 C:\xampp\htdocs\pos\system\Commands\Server\rewrite.php(43): require_once('C:\\xampp\\htdocs...')
#8 {main}
CRITICAL - 2021-11-16 10:20:40 --> Uncaught CodeIgniter\Format\Exceptions\FormatException: Failed to parse json string, error: "Malformed UTF-8 characters, possibly incorrectly encoded". in C:\xampp\htdocs\pos\system\Format\JSONFormatter.php:41
Stack trace:
#0 C:\xampp\htdocs\pos\system\Format\JSONFormatter.php(41): CodeIgniter\Format\Exceptions\FormatException::forInvalidJSON('Malformed UTF-8...')
#1 C:\xampp\htdocs\pos\system\API\ResponseTrait.php(341): CodeIgniter\Format\JSONFormatter->format(Array)
#2 C:\xampp\htdocs\pos\system\API\ResponseTrait.php(99): CodeIgniter\Debug\Exceptions->format(Array)
#3 C:\xampp\htdocs\pos\system\Debug\Exceptions.php(110): CodeIgniter\Debug\Exceptions->respond(Array, 500)
#4 [internal function]: CodeIgniter\Debug\Exceptions->exceptionHandler(Object(DomainException))
#5 {main}
  thrown
#0 [internal function]: CodeIgniter\Debug\Exceptions->shutdownHandler()
#1 {main}
CRITICAL - 2021-11-16 10:22:48 --> Malformed UTF-8 characters
#0 C:\xampp\htdocs\pos\vendor\firebase\php-jwt\src\JWT.php(329): Firebase\JWT\JWT::handleJsonError(5)
#1 C:\xampp\htdocs\pos\vendor\firebase\php-jwt\src\JWT.php(95): Firebase\JWT\JWT::jsonDecode('\xB1\xD7\xDE\xC8\x9D\x1E\\\x08\x8E\x88\x92\x95\xD5\x08\x8B...')
#2 C:\xampp\htdocs\pos\app\Controllers\Api.php(84): Firebase\JWT\JWT::decode('sdfeyJ0eXAiOiJK...', 'akuimuet', Array)
#3 C:\xampp\htdocs\pos\system\CodeIgniter.php(824): App\Controllers\Api->karyawan()
#4 C:\xampp\htdocs\pos\system\CodeIgniter.php(410): CodeIgniter\CodeIgniter->runController(Object(App\Controllers\Api))
#5 C:\xampp\htdocs\pos\system\CodeIgniter.php(318): CodeIgniter\CodeIgniter->handleRequest(NULL, Object(Config\Cache), false)
#6 C:\xampp\htdocs\pos\public\index.php(37): CodeIgniter\CodeIgniter->run()
#7 C:\xampp\htdocs\pos\system\Commands\Server\rewrite.php(43): require_once('C:\\xampp\\htdocs...')
#8 {main}
CRITICAL - 2021-11-16 10:22:48 --> Uncaught CodeIgniter\Format\Exceptions\FormatException: Failed to parse json string, error: "Malformed UTF-8 characters, possibly incorrectly encoded". in C:\xampp\htdocs\pos\system\Format\JSONFormatter.php:41
Stack trace:
#0 C:\xampp\htdocs\pos\system\Format\JSONFormatter.php(41): CodeIgniter\Format\Exceptions\FormatException::forInvalidJSON('Malformed UTF-8...')
#1 C:\xampp\htdocs\pos\system\API\ResponseTrait.php(341): CodeIgniter\Format\JSONFormatter->format(Array)
#2 C:\xampp\htdocs\pos\system\API\ResponseTrait.php(99): CodeIgniter\Debug\Exceptions->format(Array)
#3 C:\xampp\htdocs\pos\system\Debug\Exceptions.php(110): CodeIgniter\Debug\Exceptions->respond(Array, 500)
#4 [internal function]: CodeIgniter\Debug\Exceptions->exceptionHandler(Object(DomainException))
#5 {main}
  thrown
#0 [internal function]: CodeIgniter\Debug\Exceptions->shutdownHandler()
#1 {main}
CRITICAL - 2021-11-16 10:22:55 --> Malformed UTF-8 characters
#0 C:\xampp\htdocs\pos\vendor\firebase\php-jwt\src\JWT.php(329): Firebase\JWT\JWT::handleJsonError(5)
#1 C:\xampp\htdocs\pos\vendor\firebase\php-jwt\src\JWT.php(95): Firebase\JWT\JWT::jsonDecode('\xB1\xD7\xDE\xC8\x9D\x1E\\\x08\x8E\x88\x92\x95\xD5\x08\x8B...')
#2 C:\xampp\htdocs\pos\app\Controllers\Api.php(84): Firebase\JWT\JWT::decode('sdfeyJ0eXAiOiJK...', 'akuimuet', Array)
#3 C:\xampp\htdocs\pos\system\CodeIgniter.php(824): App\Controllers\Api->karyawan()
#4 C:\xampp\htdocs\pos\system\CodeIgniter.php(410): CodeIgniter\CodeIgniter->runController(Object(App\Controllers\Api))
#5 C:\xampp\htdocs\pos\system\CodeIgniter.php(318): CodeIgniter\CodeIgniter->handleRequest(NULL, Object(Config\Cache), false)
#6 C:\xampp\htdocs\pos\public\index.php(37): CodeIgniter\CodeIgniter->run()
#7 C:\xampp\htdocs\pos\system\Commands\Server\rewrite.php(43): require_once('C:\\xampp\\htdocs...')
#8 {main}
CRITICAL - 2021-11-16 10:22:55 --> Uncaught CodeIgniter\Format\Exceptions\FormatException: Failed to parse json string, error: "Malformed UTF-8 characters, possibly incorrectly encoded". in C:\xampp\htdocs\pos\system\Format\JSONFormatter.php:41
Stack trace:
#0 C:\xampp\htdocs\pos\system\Format\JSONFormatter.php(41): CodeIgniter\Format\Exceptions\FormatException::forInvalidJSON('Malformed UTF-8...')
#1 C:\xampp\htdocs\pos\system\API\ResponseTrait.php(341): CodeIgniter\Format\JSONFormatter->format(Array)
#2 C:\xampp\htdocs\pos\system\API\ResponseTrait.php(99): CodeIgniter\Debug\Exceptions->format(Array)
#3 C:\xampp\htdocs\pos\system\Debug\Exceptions.php(110): CodeIgniter\Debug\Exceptions->respond(Array, 500)
#4 [internal function]: CodeIgniter\Debug\Exceptions->exceptionHandler(Object(DomainException))
#5 {main}
  thrown
#0 [internal function]: CodeIgniter\Debug\Exceptions->shutdownHandler()
#1 {main}
CRITICAL - 2021-11-16 10:23:51 --> Malformed UTF-8 characters
#0 C:\xampp\htdocs\pos\vendor\firebase\php-jwt\src\JWT.php(329): Firebase\JWT\JWT::handleJsonError(5)
#1 C:\xampp\htdocs\pos\vendor\firebase\php-jwt\src\JWT.php(95): Firebase\JWT\JWT::jsonDecode('\xB1\xD7\xDE\xC8\x9D\x1E\\\x08\x8E\x88\x92\x95\xD5\x08\x8B...')
#2 C:\xampp\htdocs\pos\app\Controllers\Api.php(84): Firebase\JWT\JWT::decode('sdfeyJ0eXAiOiJK...', 'akuimuet', Array)
#3 C:\xampp\htdocs\pos\system\CodeIgniter.php(824): App\Controllers\Api->karyawan()
#4 C:\xampp\htdocs\pos\system\CodeIgniter.php(410): CodeIgniter\CodeIgniter->runController(Object(App\Controllers\Api))
#5 C:\xampp\htdocs\pos\system\CodeIgniter.php(318): CodeIgniter\CodeIgniter->handleRequest(NULL, Object(Config\Cache), false)
#6 C:\xampp\htdocs\pos\public\index.php(37): CodeIgniter\CodeIgniter->run()
#7 C:\xampp\htdocs\pos\system\Commands\Server\rewrite.php(43): require_once('C:\\xampp\\htdocs...')
#8 {main}
CRITICAL - 2021-11-16 10:23:51 --> Uncaught CodeIgniter\Format\Exceptions\FormatException: Failed to parse json string, error: "Malformed UTF-8 characters, possibly incorrectly encoded". in C:\xampp\htdocs\pos\system\Format\JSONFormatter.php:41
Stack trace:
#0 C:\xampp\htdocs\pos\system\Format\JSONFormatter.php(41): CodeIgniter\Format\Exceptions\FormatException::forInvalidJSON('Malformed UTF-8...')
#1 C:\xampp\htdocs\pos\system\API\ResponseTrait.php(341): CodeIgniter\Format\JSONFormatter->format(Array)
#2 C:\xampp\htdocs\pos\system\API\ResponseTrait.php(99): CodeIgniter\Debug\Exceptions->format(Array)
#3 C:\xampp\htdocs\pos\system\Debug\Exceptions.php(110): CodeIgniter\Debug\Exceptions->respond(Array, 500)
#4 [internal function]: CodeIgniter\Debug\Exceptions->exceptionHandler(Object(DomainException))
#5 {main}
  thrown
#0 [internal function]: CodeIgniter\Debug\Exceptions->shutdownHandler()
#1 {main}
CRITICAL - 2021-11-16 20:48:34 --> syntax error, unexpected '}'
#0 C:\xampp\htdocs\pos\system\Router\Router.php(176): CodeIgniter\Router\Router->autoRoute('api/karyawan')
#1 C:\xampp\htdocs\pos\system\CodeIgniter.php(718): CodeIgniter\Router\Router->handle('api/karyawan')
#2 C:\xampp\htdocs\pos\system\CodeIgniter.php(359): CodeIgniter\CodeIgniter->tryToRouteIt(Object(CodeIgniter\Router\RouteCollection))
#3 C:\xampp\htdocs\pos\system\CodeIgniter.php(318): CodeIgniter\CodeIgniter->handleRequest(NULL, Object(Config\Cache), false)
#4 C:\xampp\htdocs\pos\public\index.php(37): CodeIgniter\CodeIgniter->run()
#5 C:\xampp\htdocs\pos\system\Commands\Server\rewrite.php(43): require_once('C:\\xampp\\htdocs...')
#6 {main}
CRITICAL - 2021-11-16 20:49:43 --> Cannot handle token prior to 2021-11-16T20:49:48-0600
#0 C:\xampp\htdocs\pos\app\Controllers\Api.php(90): Firebase\JWT\JWT::decode('eyJ0eXAiOiJKV1Q...', 'akuimuet', Array)
#1 C:\xampp\htdocs\pos\system\CodeIgniter.php(824): App\Controllers\Api->karyawan()
#2 C:\xampp\htdocs\pos\system\CodeIgniter.php(410): CodeIgniter\CodeIgniter->runController(Object(App\Controllers\Api))
#3 C:\xampp\htdocs\pos\system\CodeIgniter.php(318): CodeIgniter\CodeIgniter->handleRequest(NULL, Object(Config\Cache), false)
#4 C:\xampp\htdocs\pos\public\index.php(37): CodeIgniter\CodeIgniter->run()
#5 C:\xampp\htdocs\pos\system\Commands\Server\rewrite.php(43): require_once('C:\\xampp\\htdocs...')
#6 {main}
