CRITICAL - 2021-11-13 19:47:08 --> Call to a member function get() on null
#0 C:\xampp\htdocs\pos\system\CodeIgniter.php(824): App\Controllers\Auth->index()
#1 C:\xampp\htdocs\pos\system\CodeIgniter.php(410): CodeIgniter\CodeIgniter->runController(Object(App\Controllers\Auth))
#2 C:\xampp\htdocs\pos\system\CodeIgniter.php(318): CodeIgniter\CodeIgniter->handleRequest(NULL, Object(Config\Cache), false)
#3 C:\xampp\htdocs\pos\public\index.php(37): CodeIgniter\CodeIgniter->run()
#4 C:\xampp\htdocs\pos\system\Commands\Server\rewrite.php(43): require_once('C:\\xampp\\htdocs...')
#5 {main}
CRITICAL - 2021-11-13 19:47:09 --> Call to a member function get() on null
#0 C:\xampp\htdocs\pos\system\CodeIgniter.php(824): App\Controllers\Auth->index()
#1 C:\xampp\htdocs\pos\system\CodeIgniter.php(410): CodeIgniter\CodeIgniter->runController(Object(App\Controllers\Auth))
#2 C:\xampp\htdocs\pos\system\CodeIgniter.php(318): CodeIgniter\CodeIgniter->handleRequest(NULL, Object(Config\Cache), false)
#3 C:\xampp\htdocs\pos\public\index.php(37): CodeIgniter\CodeIgniter->run()
#4 C:\xampp\htdocs\pos\system\Commands\Server\rewrite.php(43): require_once('C:\\xampp\\htdocs...')
#5 {main}
CRITICAL - 2021-11-13 19:47:09 --> Call to a member function get() on null
#0 C:\xampp\htdocs\pos\system\CodeIgniter.php(824): App\Controllers\Auth->index()
#1 C:\xampp\htdocs\pos\system\CodeIgniter.php(410): CodeIgniter\CodeIgniter->runController(Object(App\Controllers\Auth))
#2 C:\xampp\htdocs\pos\system\CodeIgniter.php(318): CodeIgniter\CodeIgniter->handleRequest(NULL, Object(Config\Cache), false)
#3 C:\xampp\htdocs\pos\public\index.php(37): CodeIgniter\CodeIgniter->run()
#4 C:\xampp\htdocs\pos\system\Commands\Server\rewrite.php(43): require_once('C:\\xampp\\htdocs...')
#5 {main}
CRITICAL - 2021-11-13 19:47:10 --> Call to a member function get() on null
#0 C:\xampp\htdocs\pos\system\CodeIgniter.php(824): App\Controllers\Auth->index()
#1 C:\xampp\htdocs\pos\system\CodeIgniter.php(410): CodeIgniter\CodeIgniter->runController(Object(App\Controllers\Auth))
#2 C:\xampp\htdocs\pos\system\CodeIgniter.php(318): CodeIgniter\CodeIgniter->handleRequest(NULL, Object(Config\Cache), false)
#3 C:\xampp\htdocs\pos\public\index.php(37): CodeIgniter\CodeIgniter->run()
#4 C:\xampp\htdocs\pos\system\Commands\Server\rewrite.php(43): require_once('C:\\xampp\\htdocs...')
#5 {main}
CRITICAL - 2021-11-13 19:47:10 --> Call to a member function get() on null
#0 C:\xampp\htdocs\pos\system\CodeIgniter.php(824): App\Controllers\Auth->index()
#1 C:\xampp\htdocs\pos\system\CodeIgniter.php(410): CodeIgniter\CodeIgniter->runController(Object(App\Controllers\Auth))
#2 C:\xampp\htdocs\pos\system\CodeIgniter.php(318): CodeIgniter\CodeIgniter->handleRequest(NULL, Object(Config\Cache), false)
#3 C:\xampp\htdocs\pos\public\index.php(37): CodeIgniter\CodeIgniter->run()
#4 C:\xampp\htdocs\pos\system\Commands\Server\rewrite.php(43): require_once('C:\\xampp\\htdocs...')
#5 {main}
CRITICAL - 2021-11-13 19:47:10 --> Call to a member function get() on null
#0 C:\xampp\htdocs\pos\system\CodeIgniter.php(824): App\Controllers\Auth->index()
#1 C:\xampp\htdocs\pos\system\CodeIgniter.php(410): CodeIgniter\CodeIgniter->runController(Object(App\Controllers\Auth))
#2 C:\xampp\htdocs\pos\system\CodeIgniter.php(318): CodeIgniter\CodeIgniter->handleRequest(NULL, Object(Config\Cache), false)
#3 C:\xampp\htdocs\pos\public\index.php(37): CodeIgniter\CodeIgniter->run()
#4 C:\xampp\htdocs\pos\system\Commands\Server\rewrite.php(43): require_once('C:\\xampp\\htdocs...')
#5 {main}
CRITICAL - 2021-11-13 19:47:11 --> Call to a member function get() on null
#0 C:\xampp\htdocs\pos\system\CodeIgniter.php(824): App\Controllers\Auth->index()
#1 C:\xampp\htdocs\pos\system\CodeIgniter.php(410): CodeIgniter\CodeIgniter->runController(Object(App\Controllers\Auth))
#2 C:\xampp\htdocs\pos\system\CodeIgniter.php(318): CodeIgniter\CodeIgniter->handleRequest(NULL, Object(Config\Cache), false)
#3 C:\xampp\htdocs\pos\public\index.php(37): CodeIgniter\CodeIgniter->run()
#4 C:\xampp\htdocs\pos\system\Commands\Server\rewrite.php(43): require_once('C:\\xampp\\htdocs...')
#5 {main}
CRITICAL - 2021-11-13 19:47:11 --> Call to a member function get() on null
#0 C:\xampp\htdocs\pos\system\CodeIgniter.php(824): App\Controllers\Auth->index()
#1 C:\xampp\htdocs\pos\system\CodeIgniter.php(410): CodeIgniter\CodeIgniter->runController(Object(App\Controllers\Auth))
#2 C:\xampp\htdocs\pos\system\CodeIgniter.php(318): CodeIgniter\CodeIgniter->handleRequest(NULL, Object(Config\Cache), false)
#3 C:\xampp\htdocs\pos\public\index.php(37): CodeIgniter\CodeIgniter->run()
#4 C:\xampp\htdocs\pos\system\Commands\Server\rewrite.php(43): require_once('C:\\xampp\\htdocs...')
#5 {main}
CRITICAL - 2021-11-13 19:47:11 --> Call to a member function get() on null
#0 C:\xampp\htdocs\pos\system\CodeIgniter.php(824): App\Controllers\Auth->index()
#1 C:\xampp\htdocs\pos\system\CodeIgniter.php(410): CodeIgniter\CodeIgniter->runController(Object(App\Controllers\Auth))
#2 C:\xampp\htdocs\pos\system\CodeIgniter.php(318): CodeIgniter\CodeIgniter->handleRequest(NULL, Object(Config\Cache), false)
#3 C:\xampp\htdocs\pos\public\index.php(37): CodeIgniter\CodeIgniter->run()
#4 C:\xampp\htdocs\pos\system\Commands\Server\rewrite.php(43): require_once('C:\\xampp\\htdocs...')
#5 {main}
CRITICAL - 2021-11-13 19:47:11 --> Call to a member function get() on null
#0 C:\xampp\htdocs\pos\system\CodeIgniter.php(824): App\Controllers\Auth->index()
#1 C:\xampp\htdocs\pos\system\CodeIgniter.php(410): CodeIgniter\CodeIgniter->runController(Object(App\Controllers\Auth))
#2 C:\xampp\htdocs\pos\system\CodeIgniter.php(318): CodeIgniter\CodeIgniter->handleRequest(NULL, Object(Config\Cache), false)
#3 C:\xampp\htdocs\pos\public\index.php(37): CodeIgniter\CodeIgniter->run()
#4 C:\xampp\htdocs\pos\system\Commands\Server\rewrite.php(43): require_once('C:\\xampp\\htdocs...')
#5 {main}
CRITICAL - 2021-11-13 19:47:11 --> Call to a member function get() on null
#0 C:\xampp\htdocs\pos\system\CodeIgniter.php(824): App\Controllers\Auth->index()
#1 C:\xampp\htdocs\pos\system\CodeIgniter.php(410): CodeIgniter\CodeIgniter->runController(Object(App\Controllers\Auth))
#2 C:\xampp\htdocs\pos\system\CodeIgniter.php(318): CodeIgniter\CodeIgniter->handleRequest(NULL, Object(Config\Cache), false)
#3 C:\xampp\htdocs\pos\public\index.php(37): CodeIgniter\CodeIgniter->run()
#4 C:\xampp\htdocs\pos\system\Commands\Server\rewrite.php(43): require_once('C:\\xampp\\htdocs...')
#5 {main}
CRITICAL - 2021-11-13 19:47:11 --> Call to a member function get() on null
#0 C:\xampp\htdocs\pos\system\CodeIgniter.php(824): App\Controllers\Auth->index()
#1 C:\xampp\htdocs\pos\system\CodeIgniter.php(410): CodeIgniter\CodeIgniter->runController(Object(App\Controllers\Auth))
#2 C:\xampp\htdocs\pos\system\CodeIgniter.php(318): CodeIgniter\CodeIgniter->handleRequest(NULL, Object(Config\Cache), false)
#3 C:\xampp\htdocs\pos\public\index.php(37): CodeIgniter\CodeIgniter->run()
#4 C:\xampp\htdocs\pos\system\Commands\Server\rewrite.php(43): require_once('C:\\xampp\\htdocs...')
#5 {main}
CRITICAL - 2021-11-13 19:47:34 --> Call to a member function get() on null
#0 C:\xampp\htdocs\pos\system\CodeIgniter.php(824): App\Controllers\Auth->index()
#1 C:\xampp\htdocs\pos\system\CodeIgniter.php(410): CodeIgniter\CodeIgniter->runController(Object(App\Controllers\Auth))
#2 C:\xampp\htdocs\pos\system\CodeIgniter.php(318): CodeIgniter\CodeIgniter->handleRequest(NULL, Object(Config\Cache), false)
#3 C:\xampp\htdocs\pos\public\index.php(37): CodeIgniter\CodeIgniter->run()
#4 C:\xampp\htdocs\pos\system\Commands\Server\rewrite.php(43): require_once('C:\\xampp\\htdocs...')
#5 {main}
CRITICAL - 2021-11-13 19:47:35 --> Call to a member function get() on null
#0 C:\xampp\htdocs\pos\system\CodeIgniter.php(824): App\Controllers\Auth->index()
#1 C:\xampp\htdocs\pos\system\CodeIgniter.php(410): CodeIgniter\CodeIgniter->runController(Object(App\Controllers\Auth))
#2 C:\xampp\htdocs\pos\system\CodeIgniter.php(318): CodeIgniter\CodeIgniter->handleRequest(NULL, Object(Config\Cache), false)
#3 C:\xampp\htdocs\pos\public\index.php(37): CodeIgniter\CodeIgniter->run()
#4 C:\xampp\htdocs\pos\system\Commands\Server\rewrite.php(43): require_once('C:\\xampp\\htdocs...')
#5 {main}
CRITICAL - 2021-11-13 19:47:36 --> Call to a member function get() on null
#0 C:\xampp\htdocs\pos\system\CodeIgniter.php(824): App\Controllers\Auth->index()
#1 C:\xampp\htdocs\pos\system\CodeIgniter.php(410): CodeIgniter\CodeIgniter->runController(Object(App\Controllers\Auth))
#2 C:\xampp\htdocs\pos\system\CodeIgniter.php(318): CodeIgniter\CodeIgniter->handleRequest(NULL, Object(Config\Cache), false)
#3 C:\xampp\htdocs\pos\public\index.php(37): CodeIgniter\CodeIgniter->run()
#4 C:\xampp\htdocs\pos\system\Commands\Server\rewrite.php(43): require_once('C:\\xampp\\htdocs...')
#5 {main}
CRITICAL - 2021-11-13 19:47:50 --> Call to a member function get() on null
#0 C:\xampp\htdocs\pos\system\CodeIgniter.php(824): App\Controllers\Auth->index()
#1 C:\xampp\htdocs\pos\system\CodeIgniter.php(410): CodeIgniter\CodeIgniter->runController(Object(App\Controllers\Auth))
#2 C:\xampp\htdocs\pos\system\CodeIgniter.php(318): CodeIgniter\CodeIgniter->handleRequest(NULL, Object(Config\Cache), false)
#3 C:\xampp\htdocs\pos\public\index.php(37): CodeIgniter\CodeIgniter->run()
#4 C:\xampp\htdocs\pos\system\Commands\Server\rewrite.php(43): require_once('C:\\xampp\\htdocs...')
#5 {main}
CRITICAL - 2021-11-13 19:47:51 --> Call to a member function get() on null
#0 C:\xampp\htdocs\pos\system\CodeIgniter.php(824): App\Controllers\Auth->index()
#1 C:\xampp\htdocs\pos\system\CodeIgniter.php(410): CodeIgniter\CodeIgniter->runController(Object(App\Controllers\Auth))
#2 C:\xampp\htdocs\pos\system\CodeIgniter.php(318): CodeIgniter\CodeIgniter->handleRequest(NULL, Object(Config\Cache), false)
#3 C:\xampp\htdocs\pos\public\index.php(37): CodeIgniter\CodeIgniter->run()
#4 C:\xampp\htdocs\pos\system\Commands\Server\rewrite.php(43): require_once('C:\\xampp\\htdocs...')
#5 {main}
CRITICAL - 2021-11-13 19:48:38 --> Call to a member function get() on null
#0 C:\xampp\htdocs\pos\system\CodeIgniter.php(824): App\Controllers\Auth->index()
#1 C:\xampp\htdocs\pos\system\CodeIgniter.php(410): CodeIgniter\CodeIgniter->runController(Object(App\Controllers\Auth))
#2 C:\xampp\htdocs\pos\system\CodeIgniter.php(318): CodeIgniter\CodeIgniter->handleRequest(NULL, Object(Config\Cache), false)
#3 C:\xampp\htdocs\pos\public\index.php(37): CodeIgniter\CodeIgniter->run()
#4 C:\xampp\htdocs\pos\system\Commands\Server\rewrite.php(43): require_once('C:\\xampp\\htdocs...')
#5 {main}
CRITICAL - 2021-11-13 19:48:39 --> Call to a member function get() on null
#0 C:\xampp\htdocs\pos\system\CodeIgniter.php(824): App\Controllers\Auth->index()
#1 C:\xampp\htdocs\pos\system\CodeIgniter.php(410): CodeIgniter\CodeIgniter->runController(Object(App\Controllers\Auth))
#2 C:\xampp\htdocs\pos\system\CodeIgniter.php(318): CodeIgniter\CodeIgniter->handleRequest(NULL, Object(Config\Cache), false)
#3 C:\xampp\htdocs\pos\public\index.php(37): CodeIgniter\CodeIgniter->run()
#4 C:\xampp\htdocs\pos\system\Commands\Server\rewrite.php(43): require_once('C:\\xampp\\htdocs...')
#5 {main}
CRITICAL - 2021-11-13 19:48:46 --> Call to a member function get() on null
#0 C:\xampp\htdocs\pos\system\CodeIgniter.php(824): App\Controllers\Auth->index()
#1 C:\xampp\htdocs\pos\system\CodeIgniter.php(410): CodeIgniter\CodeIgniter->runController(Object(App\Controllers\Auth))
#2 C:\xampp\htdocs\pos\system\CodeIgniter.php(318): CodeIgniter\CodeIgniter->handleRequest(NULL, Object(Config\Cache), false)
#3 C:\xampp\htdocs\pos\public\index.php(37): CodeIgniter\CodeIgniter->run()
#4 C:\xampp\htdocs\pos\system\Commands\Server\rewrite.php(43): require_once('C:\\xampp\\htdocs...')
#5 {main}
CRITICAL - 2021-11-13 19:48:58 -->  route cannot be found while reverse-routing.
#0 C:\xampp\htdocs\pos\system\HTTP\RedirectResponse.php(56): CodeIgniter\HTTP\Exceptions\HTTPException::forInvalidRedirectRoute('')
#1 C:\xampp\htdocs\pos\system\Common.php(840): CodeIgniter\HTTP\RedirectResponse->route(false)
#2 C:\xampp\htdocs\pos\app\Controllers\Api.php(51): redirect('admin/dashboard')
#3 C:\xampp\htdocs\pos\system\CodeIgniter.php(824): App\Controllers\Api->login()
#4 C:\xampp\htdocs\pos\system\CodeIgniter.php(410): CodeIgniter\CodeIgniter->runController(Object(App\Controllers\Api))
#5 C:\xampp\htdocs\pos\system\CodeIgniter.php(318): CodeIgniter\CodeIgniter->handleRequest(NULL, Object(Config\Cache), false)
#6 C:\xampp\htdocs\pos\public\index.php(37): CodeIgniter\CodeIgniter->run()
#7 C:\xampp\htdocs\pos\system\Commands\Server\rewrite.php(43): require_once('C:\\xampp\\htdocs...')
#8 {main}
CRITICAL - 2021-11-13 19:49:07 -->  route cannot be found while reverse-routing.
#0 C:\xampp\htdocs\pos\system\HTTP\RedirectResponse.php(56): CodeIgniter\HTTP\Exceptions\HTTPException::forInvalidRedirectRoute('')
#1 C:\xampp\htdocs\pos\system\Common.php(840): CodeIgniter\HTTP\RedirectResponse->route(false)
#2 C:\xampp\htdocs\pos\app\Controllers\Api.php(51): redirect('admin/dashboard')
#3 C:\xampp\htdocs\pos\system\CodeIgniter.php(824): App\Controllers\Api->login()
#4 C:\xampp\htdocs\pos\system\CodeIgniter.php(410): CodeIgniter\CodeIgniter->runController(Object(App\Controllers\Api))
#5 C:\xampp\htdocs\pos\system\CodeIgniter.php(318): CodeIgniter\CodeIgniter->handleRequest(NULL, Object(Config\Cache), false)
#6 C:\xampp\htdocs\pos\public\index.php(37): CodeIgniter\CodeIgniter->run()
#7 C:\xampp\htdocs\pos\system\Commands\Server\rewrite.php(43): require_once('C:\\xampp\\htdocs...')
#8 {main}
CRITICAL - 2021-11-13 19:49:59 --> Call to a member function get() on null
#0 C:\xampp\htdocs\pos\system\CodeIgniter.php(824): App\Controllers\Auth->index()
#1 C:\xampp\htdocs\pos\system\CodeIgniter.php(410): CodeIgniter\CodeIgniter->runController(Object(App\Controllers\Auth))
#2 C:\xampp\htdocs\pos\system\CodeIgniter.php(318): CodeIgniter\CodeIgniter->handleRequest(NULL, Object(Config\Cache), false)
#3 C:\xampp\htdocs\pos\public\index.php(37): CodeIgniter\CodeIgniter->run()
#4 C:\xampp\htdocs\pos\system\Commands\Server\rewrite.php(43): require_once('C:\\xampp\\htdocs...')
#5 {main}
CRITICAL - 2021-11-13 19:50:01 --> Call to a member function get() on null
#0 C:\xampp\htdocs\pos\system\CodeIgniter.php(824): App\Controllers\Auth->index()
#1 C:\xampp\htdocs\pos\system\CodeIgniter.php(410): CodeIgniter\CodeIgniter->runController(Object(App\Controllers\Auth))
#2 C:\xampp\htdocs\pos\system\CodeIgniter.php(318): CodeIgniter\CodeIgniter->handleRequest(NULL, Object(Config\Cache), false)
#3 C:\xampp\htdocs\pos\public\index.php(37): CodeIgniter\CodeIgniter->run()
#4 C:\xampp\htdocs\pos\system\Commands\Server\rewrite.php(43): require_once('C:\\xampp\\htdocs...')
#5 {main}
CRITICAL - 2021-11-13 19:50:04 --> Call to a member function get() on null
#0 C:\xampp\htdocs\pos\system\CodeIgniter.php(824): App\Controllers\Auth->index()
#1 C:\xampp\htdocs\pos\system\CodeIgniter.php(410): CodeIgniter\CodeIgniter->runController(Object(App\Controllers\Auth))
#2 C:\xampp\htdocs\pos\system\CodeIgniter.php(318): CodeIgniter\CodeIgniter->handleRequest(NULL, Object(Config\Cache), false)
#3 C:\xampp\htdocs\pos\public\index.php(37): CodeIgniter\CodeIgniter->run()
#4 C:\xampp\htdocs\pos\system\Commands\Server\rewrite.php(43): require_once('C:\\xampp\\htdocs...')
#5 {main}
CRITICAL - 2021-11-13 19:50:08 --> Call to a member function get() on null
#0 C:\xampp\htdocs\pos\system\CodeIgniter.php(824): App\Controllers\Auth->index()
#1 C:\xampp\htdocs\pos\system\CodeIgniter.php(410): CodeIgniter\CodeIgniter->runController(Object(App\Controllers\Auth))
#2 C:\xampp\htdocs\pos\system\CodeIgniter.php(318): CodeIgniter\CodeIgniter->handleRequest(NULL, Object(Config\Cache), false)
#3 C:\xampp\htdocs\pos\public\index.php(37): CodeIgniter\CodeIgniter->run()
#4 C:\xampp\htdocs\pos\system\Commands\Server\rewrite.php(43): require_once('C:\\xampp\\htdocs...')
#5 {main}
CRITICAL - 2021-11-13 19:50:08 --> Call to a member function get() on null
#0 C:\xampp\htdocs\pos\system\CodeIgniter.php(824): App\Controllers\Auth->index()
#1 C:\xampp\htdocs\pos\system\CodeIgniter.php(410): CodeIgniter\CodeIgniter->runController(Object(App\Controllers\Auth))
#2 C:\xampp\htdocs\pos\system\CodeIgniter.php(318): CodeIgniter\CodeIgniter->handleRequest(NULL, Object(Config\Cache), false)
#3 C:\xampp\htdocs\pos\public\index.php(37): CodeIgniter\CodeIgniter->run()
#4 C:\xampp\htdocs\pos\system\Commands\Server\rewrite.php(43): require_once('C:\\xampp\\htdocs...')
#5 {main}
CRITICAL - 2021-11-13 19:50:08 --> Call to a member function get() on null
#0 C:\xampp\htdocs\pos\system\CodeIgniter.php(824): App\Controllers\Auth->index()
#1 C:\xampp\htdocs\pos\system\CodeIgniter.php(410): CodeIgniter\CodeIgniter->runController(Object(App\Controllers\Auth))
#2 C:\xampp\htdocs\pos\system\CodeIgniter.php(318): CodeIgniter\CodeIgniter->handleRequest(NULL, Object(Config\Cache), false)
#3 C:\xampp\htdocs\pos\public\index.php(37): CodeIgniter\CodeIgniter->run()
#4 C:\xampp\htdocs\pos\system\Commands\Server\rewrite.php(43): require_once('C:\\xampp\\htdocs...')
#5 {main}
CRITICAL - 2021-11-13 19:50:09 --> Call to a member function get() on null
#0 C:\xampp\htdocs\pos\system\CodeIgniter.php(824): App\Controllers\Auth->index()
#1 C:\xampp\htdocs\pos\system\CodeIgniter.php(410): CodeIgniter\CodeIgniter->runController(Object(App\Controllers\Auth))
#2 C:\xampp\htdocs\pos\system\CodeIgniter.php(318): CodeIgniter\CodeIgniter->handleRequest(NULL, Object(Config\Cache), false)
#3 C:\xampp\htdocs\pos\public\index.php(37): CodeIgniter\CodeIgniter->run()
#4 C:\xampp\htdocs\pos\system\Commands\Server\rewrite.php(43): require_once('C:\\xampp\\htdocs...')
#5 {main}
CRITICAL - 2021-11-13 19:50:09 --> Call to a member function get() on null
#0 C:\xampp\htdocs\pos\system\CodeIgniter.php(824): App\Controllers\Auth->index()
#1 C:\xampp\htdocs\pos\system\CodeIgniter.php(410): CodeIgniter\CodeIgniter->runController(Object(App\Controllers\Auth))
#2 C:\xampp\htdocs\pos\system\CodeIgniter.php(318): CodeIgniter\CodeIgniter->handleRequest(NULL, Object(Config\Cache), false)
#3 C:\xampp\htdocs\pos\public\index.php(37): CodeIgniter\CodeIgniter->run()
#4 C:\xampp\htdocs\pos\system\Commands\Server\rewrite.php(43): require_once('C:\\xampp\\htdocs...')
#5 {main}
CRITICAL - 2021-11-13 19:50:09 --> Call to a member function get() on null
#0 C:\xampp\htdocs\pos\system\CodeIgniter.php(824): App\Controllers\Auth->index()
#1 C:\xampp\htdocs\pos\system\CodeIgniter.php(410): CodeIgniter\CodeIgniter->runController(Object(App\Controllers\Auth))
#2 C:\xampp\htdocs\pos\system\CodeIgniter.php(318): CodeIgniter\CodeIgniter->handleRequest(NULL, Object(Config\Cache), false)
#3 C:\xampp\htdocs\pos\public\index.php(37): CodeIgniter\CodeIgniter->run()
#4 C:\xampp\htdocs\pos\system\Commands\Server\rewrite.php(43): require_once('C:\\xampp\\htdocs...')
#5 {main}
CRITICAL - 2021-11-13 19:51:16 --> Call to a member function get() on null
#0 C:\xampp\htdocs\pos\system\CodeIgniter.php(824): App\Controllers\Auth->index()
#1 C:\xampp\htdocs\pos\system\CodeIgniter.php(410): CodeIgniter\CodeIgniter->runController(Object(App\Controllers\Auth))
#2 C:\xampp\htdocs\pos\system\CodeIgniter.php(318): CodeIgniter\CodeIgniter->handleRequest(NULL, Object(Config\Cache), false)
#3 C:\xampp\htdocs\pos\public\index.php(37): CodeIgniter\CodeIgniter->run()
#4 C:\xampp\htdocs\pos\system\Commands\Server\rewrite.php(43): require_once('C:\\xampp\\htdocs...')
#5 {main}
CRITICAL - 2021-11-13 19:51:17 --> Call to a member function get() on null
#0 C:\xampp\htdocs\pos\system\CodeIgniter.php(824): App\Controllers\Auth->index()
#1 C:\xampp\htdocs\pos\system\CodeIgniter.php(410): CodeIgniter\CodeIgniter->runController(Object(App\Controllers\Auth))
#2 C:\xampp\htdocs\pos\system\CodeIgniter.php(318): CodeIgniter\CodeIgniter->handleRequest(NULL, Object(Config\Cache), false)
#3 C:\xampp\htdocs\pos\public\index.php(37): CodeIgniter\CodeIgniter->run()
#4 C:\xampp\htdocs\pos\system\Commands\Server\rewrite.php(43): require_once('C:\\xampp\\htdocs...')
#5 {main}
CRITICAL - 2021-11-13 19:51:17 --> Call to a member function get() on null
#0 C:\xampp\htdocs\pos\system\CodeIgniter.php(824): App\Controllers\Auth->index()
#1 C:\xampp\htdocs\pos\system\CodeIgniter.php(410): CodeIgniter\CodeIgniter->runController(Object(App\Controllers\Auth))
#2 C:\xampp\htdocs\pos\system\CodeIgniter.php(318): CodeIgniter\CodeIgniter->handleRequest(NULL, Object(Config\Cache), false)
#3 C:\xampp\htdocs\pos\public\index.php(37): CodeIgniter\CodeIgniter->run()
#4 C:\xampp\htdocs\pos\system\Commands\Server\rewrite.php(43): require_once('C:\\xampp\\htdocs...')
#5 {main}
CRITICAL - 2021-11-13 19:51:17 --> Call to a member function get() on null
#0 C:\xampp\htdocs\pos\system\CodeIgniter.php(824): App\Controllers\Auth->index()
#1 C:\xampp\htdocs\pos\system\CodeIgniter.php(410): CodeIgniter\CodeIgniter->runController(Object(App\Controllers\Auth))
#2 C:\xampp\htdocs\pos\system\CodeIgniter.php(318): CodeIgniter\CodeIgniter->handleRequest(NULL, Object(Config\Cache), false)
#3 C:\xampp\htdocs\pos\public\index.php(37): CodeIgniter\CodeIgniter->run()
#4 C:\xampp\htdocs\pos\system\Commands\Server\rewrite.php(43): require_once('C:\\xampp\\htdocs...')
#5 {main}
CRITICAL - 2021-11-13 19:52:04 --> Call to a member function get() on null
#0 C:\xampp\htdocs\pos\system\CodeIgniter.php(824): App\Controllers\Auth->index()
#1 C:\xampp\htdocs\pos\system\CodeIgniter.php(410): CodeIgniter\CodeIgniter->runController(Object(App\Controllers\Auth))
#2 C:\xampp\htdocs\pos\system\CodeIgniter.php(318): CodeIgniter\CodeIgniter->handleRequest(NULL, Object(Config\Cache), false)
#3 C:\xampp\htdocs\pos\public\index.php(37): CodeIgniter\CodeIgniter->run()
#4 C:\xampp\htdocs\pos\system\Commands\Server\rewrite.php(43): require_once('C:\\xampp\\htdocs...')
#5 {main}
CRITICAL - 2021-11-13 19:52:04 --> Call to a member function get() on null
#0 C:\xampp\htdocs\pos\system\CodeIgniter.php(824): App\Controllers\Auth->index()
#1 C:\xampp\htdocs\pos\system\CodeIgniter.php(410): CodeIgniter\CodeIgniter->runController(Object(App\Controllers\Auth))
#2 C:\xampp\htdocs\pos\system\CodeIgniter.php(318): CodeIgniter\CodeIgniter->handleRequest(NULL, Object(Config\Cache), false)
#3 C:\xampp\htdocs\pos\public\index.php(37): CodeIgniter\CodeIgniter->run()
#4 C:\xampp\htdocs\pos\system\Commands\Server\rewrite.php(43): require_once('C:\\xampp\\htdocs...')
#5 {main}
CRITICAL - 2021-11-13 19:52:05 --> Call to a member function get() on null
#0 C:\xampp\htdocs\pos\system\CodeIgniter.php(824): App\Controllers\Auth->index()
#1 C:\xampp\htdocs\pos\system\CodeIgniter.php(410): CodeIgniter\CodeIgniter->runController(Object(App\Controllers\Auth))
#2 C:\xampp\htdocs\pos\system\CodeIgniter.php(318): CodeIgniter\CodeIgniter->handleRequest(NULL, Object(Config\Cache), false)
#3 C:\xampp\htdocs\pos\public\index.php(37): CodeIgniter\CodeIgniter->run()
#4 C:\xampp\htdocs\pos\system\Commands\Server\rewrite.php(43): require_once('C:\\xampp\\htdocs...')
#5 {main}
CRITICAL - 2021-11-13 19:52:51 --> Undefined property: App\Controllers\Auth::$session
#0 C:\xampp\htdocs\pos\app\Controllers\Auth.php(26): CodeIgniter\Debug\Exceptions->errorHandler(8, 'Undefined prope...', 'C:\\xampp\\htdocs...', 26, Array)
#1 C:\xampp\htdocs\pos\system\CodeIgniter.php(824): App\Controllers\Auth->index()
#2 C:\xampp\htdocs\pos\system\CodeIgniter.php(410): CodeIgniter\CodeIgniter->runController(Object(App\Controllers\Auth))
#3 C:\xampp\htdocs\pos\system\CodeIgniter.php(318): CodeIgniter\CodeIgniter->handleRequest(NULL, Object(Config\Cache), false)
#4 C:\xampp\htdocs\pos\public\index.php(37): CodeIgniter\CodeIgniter->run()
#5 C:\xampp\htdocs\pos\system\Commands\Server\rewrite.php(43): require_once('C:\\xampp\\htdocs...')
#6 {main}
CRITICAL - 2021-11-13 19:52:53 --> Undefined property: App\Controllers\Auth::$session
#0 C:\xampp\htdocs\pos\app\Controllers\Auth.php(26): CodeIgniter\Debug\Exceptions->errorHandler(8, 'Undefined prope...', 'C:\\xampp\\htdocs...', 26, Array)
#1 C:\xampp\htdocs\pos\system\CodeIgniter.php(824): App\Controllers\Auth->index()
#2 C:\xampp\htdocs\pos\system\CodeIgniter.php(410): CodeIgniter\CodeIgniter->runController(Object(App\Controllers\Auth))
#3 C:\xampp\htdocs\pos\system\CodeIgniter.php(318): CodeIgniter\CodeIgniter->handleRequest(NULL, Object(Config\Cache), false)
#4 C:\xampp\htdocs\pos\public\index.php(37): CodeIgniter\CodeIgniter->run()
#5 C:\xampp\htdocs\pos\system\Commands\Server\rewrite.php(43): require_once('C:\\xampp\\htdocs...')
#6 {main}
CRITICAL - 2021-11-13 19:53:38 --> Undefined variable: session
#0 C:\xampp\htdocs\pos\app\Controllers\Auth.php(26): CodeIgniter\Debug\Exceptions->errorHandler(8, 'Undefined varia...', 'C:\\xampp\\htdocs...', 26, Array)
#1 C:\xampp\htdocs\pos\system\CodeIgniter.php(824): App\Controllers\Auth->index()
#2 C:\xampp\htdocs\pos\system\CodeIgniter.php(410): CodeIgniter\CodeIgniter->runController(Object(App\Controllers\Auth))
#3 C:\xampp\htdocs\pos\system\CodeIgniter.php(318): CodeIgniter\CodeIgniter->handleRequest(NULL, Object(Config\Cache), false)
#4 C:\xampp\htdocs\pos\public\index.php(37): CodeIgniter\CodeIgniter->run()
#5 C:\xampp\htdocs\pos\system\Commands\Server\rewrite.php(43): require_once('C:\\xampp\\htdocs...')
#6 {main}
CRITICAL - 2021-11-13 19:54:09 -->  route cannot be found while reverse-routing.
#0 C:\xampp\htdocs\pos\system\HTTP\RedirectResponse.php(56): CodeIgniter\HTTP\Exceptions\HTTPException::forInvalidRedirectRoute('')
#1 C:\xampp\htdocs\pos\system\Common.php(840): CodeIgniter\HTTP\RedirectResponse->route(false)
#2 C:\xampp\htdocs\pos\app\Controllers\Auth.php(27): redirect('admin/dashboard')
#3 C:\xampp\htdocs\pos\system\CodeIgniter.php(824): App\Controllers\Auth->index()
#4 C:\xampp\htdocs\pos\system\CodeIgniter.php(410): CodeIgniter\CodeIgniter->runController(Object(App\Controllers\Auth))
#5 C:\xampp\htdocs\pos\system\CodeIgniter.php(318): CodeIgniter\CodeIgniter->handleRequest(NULL, Object(Config\Cache), false)
#6 C:\xampp\htdocs\pos\public\index.php(37): CodeIgniter\CodeIgniter->run()
#7 C:\xampp\htdocs\pos\system\Commands\Server\rewrite.php(43): require_once('C:\\xampp\\htdocs...')
#8 {main}
CRITICAL - 2021-11-13 19:54:12 -->  route cannot be found while reverse-routing.
#0 C:\xampp\htdocs\pos\system\HTTP\RedirectResponse.php(56): CodeIgniter\HTTP\Exceptions\HTTPException::forInvalidRedirectRoute('')
#1 C:\xampp\htdocs\pos\system\Common.php(840): CodeIgniter\HTTP\RedirectResponse->route(false)
#2 C:\xampp\htdocs\pos\app\Controllers\Auth.php(27): redirect('admin/dashboard')
#3 C:\xampp\htdocs\pos\system\CodeIgniter.php(824): App\Controllers\Auth->index()
#4 C:\xampp\htdocs\pos\system\CodeIgniter.php(410): CodeIgniter\CodeIgniter->runController(Object(App\Controllers\Auth))
#5 C:\xampp\htdocs\pos\system\CodeIgniter.php(318): CodeIgniter\CodeIgniter->handleRequest(NULL, Object(Config\Cache), false)
#6 C:\xampp\htdocs\pos\public\index.php(37): CodeIgniter\CodeIgniter->run()
#7 C:\xampp\htdocs\pos\system\Commands\Server\rewrite.php(43): require_once('C:\\xampp\\htdocs...')
#8 {main}
CRITICAL - 2021-11-13 19:57:22 -->  route cannot be found while reverse-routing.
#0 C:\xampp\htdocs\pos\system\HTTP\RedirectResponse.php(56): CodeIgniter\HTTP\Exceptions\HTTPException::forInvalidRedirectRoute('')
#1 C:\xampp\htdocs\pos\app\Controllers\Auth.php(28): CodeIgniter\HTTP\RedirectResponse->route(false)
#2 C:\xampp\htdocs\pos\system\CodeIgniter.php(824): App\Controllers\Auth->index()
#3 C:\xampp\htdocs\pos\system\CodeIgniter.php(410): CodeIgniter\CodeIgniter->runController(Object(App\Controllers\Auth))
#4 C:\xampp\htdocs\pos\system\CodeIgniter.php(318): CodeIgniter\CodeIgniter->handleRequest(NULL, Object(Config\Cache), false)
#5 C:\xampp\htdocs\pos\public\index.php(37): CodeIgniter\CodeIgniter->run()
#6 C:\xampp\htdocs\pos\system\Commands\Server\rewrite.php(43): require_once('C:\\xampp\\htdocs...')
#7 {main}
CRITICAL - 2021-11-13 19:57:29 -->  route cannot be found while reverse-routing.
#0 C:\xampp\htdocs\pos\system\HTTP\RedirectResponse.php(56): CodeIgniter\HTTP\Exceptions\HTTPException::forInvalidRedirectRoute('')
#1 C:\xampp\htdocs\pos\app\Controllers\Auth.php(28): CodeIgniter\HTTP\RedirectResponse->route(false)
#2 C:\xampp\htdocs\pos\system\CodeIgniter.php(824): App\Controllers\Auth->index()
#3 C:\xampp\htdocs\pos\system\CodeIgniter.php(410): CodeIgniter\CodeIgniter->runController(Object(App\Controllers\Auth))
#4 C:\xampp\htdocs\pos\system\CodeIgniter.php(318): CodeIgniter\CodeIgniter->handleRequest(NULL, Object(Config\Cache), false)
#5 C:\xampp\htdocs\pos\public\index.php(37): CodeIgniter\CodeIgniter->run()
#6 C:\xampp\htdocs\pos\system\Commands\Server\rewrite.php(43): require_once('C:\\xampp\\htdocs...')
#7 {main}
CRITICAL - 2021-11-13 19:57:30 -->  route cannot be found while reverse-routing.
#0 C:\xampp\htdocs\pos\system\HTTP\RedirectResponse.php(56): CodeIgniter\HTTP\Exceptions\HTTPException::forInvalidRedirectRoute('')
#1 C:\xampp\htdocs\pos\app\Controllers\Auth.php(28): CodeIgniter\HTTP\RedirectResponse->route(false)
#2 C:\xampp\htdocs\pos\system\CodeIgniter.php(824): App\Controllers\Auth->index()
#3 C:\xampp\htdocs\pos\system\CodeIgniter.php(410): CodeIgniter\CodeIgniter->runController(Object(App\Controllers\Auth))
#4 C:\xampp\htdocs\pos\system\CodeIgniter.php(318): CodeIgniter\CodeIgniter->handleRequest(NULL, Object(Config\Cache), false)
#5 C:\xampp\htdocs\pos\public\index.php(37): CodeIgniter\CodeIgniter->run()
#6 C:\xampp\htdocs\pos\system\Commands\Server\rewrite.php(43): require_once('C:\\xampp\\htdocs...')
#7 {main}
CRITICAL - 2021-11-13 19:57:30 -->  route cannot be found while reverse-routing.
#0 C:\xampp\htdocs\pos\system\HTTP\RedirectResponse.php(56): CodeIgniter\HTTP\Exceptions\HTTPException::forInvalidRedirectRoute('')
#1 C:\xampp\htdocs\pos\app\Controllers\Auth.php(28): CodeIgniter\HTTP\RedirectResponse->route(false)
#2 C:\xampp\htdocs\pos\system\CodeIgniter.php(824): App\Controllers\Auth->index()
#3 C:\xampp\htdocs\pos\system\CodeIgniter.php(410): CodeIgniter\CodeIgniter->runController(Object(App\Controllers\Auth))
#4 C:\xampp\htdocs\pos\system\CodeIgniter.php(318): CodeIgniter\CodeIgniter->handleRequest(NULL, Object(Config\Cache), false)
#5 C:\xampp\htdocs\pos\public\index.php(37): CodeIgniter\CodeIgniter->run()
#6 C:\xampp\htdocs\pos\system\Commands\Server\rewrite.php(43): require_once('C:\\xampp\\htdocs...')
#7 {main}
CRITICAL - 2021-11-13 19:57:30 -->  route cannot be found while reverse-routing.
#0 C:\xampp\htdocs\pos\system\HTTP\RedirectResponse.php(56): CodeIgniter\HTTP\Exceptions\HTTPException::forInvalidRedirectRoute('')
#1 C:\xampp\htdocs\pos\app\Controllers\Auth.php(28): CodeIgniter\HTTP\RedirectResponse->route(false)
#2 C:\xampp\htdocs\pos\system\CodeIgniter.php(824): App\Controllers\Auth->index()
#3 C:\xampp\htdocs\pos\system\CodeIgniter.php(410): CodeIgniter\CodeIgniter->runController(Object(App\Controllers\Auth))
#4 C:\xampp\htdocs\pos\system\CodeIgniter.php(318): CodeIgniter\CodeIgniter->handleRequest(NULL, Object(Config\Cache), false)
#5 C:\xampp\htdocs\pos\public\index.php(37): CodeIgniter\CodeIgniter->run()
#6 C:\xampp\htdocs\pos\system\Commands\Server\rewrite.php(43): require_once('C:\\xampp\\htdocs...')
#7 {main}
CRITICAL - 2021-11-13 19:57:31 -->  route cannot be found while reverse-routing.
#0 C:\xampp\htdocs\pos\system\HTTP\RedirectResponse.php(56): CodeIgniter\HTTP\Exceptions\HTTPException::forInvalidRedirectRoute('')
#1 C:\xampp\htdocs\pos\app\Controllers\Auth.php(28): CodeIgniter\HTTP\RedirectResponse->route(false)
#2 C:\xampp\htdocs\pos\system\CodeIgniter.php(824): App\Controllers\Auth->index()
#3 C:\xampp\htdocs\pos\system\CodeIgniter.php(410): CodeIgniter\CodeIgniter->runController(Object(App\Controllers\Auth))
#4 C:\xampp\htdocs\pos\system\CodeIgniter.php(318): CodeIgniter\CodeIgniter->handleRequest(NULL, Object(Config\Cache), false)
#5 C:\xampp\htdocs\pos\public\index.php(37): CodeIgniter\CodeIgniter->run()
#6 C:\xampp\htdocs\pos\system\Commands\Server\rewrite.php(43): require_once('C:\\xampp\\htdocs...')
#7 {main}
CRITICAL - 2021-11-13 19:57:31 -->  route cannot be found while reverse-routing.
#0 C:\xampp\htdocs\pos\system\HTTP\RedirectResponse.php(56): CodeIgniter\HTTP\Exceptions\HTTPException::forInvalidRedirectRoute('')
#1 C:\xampp\htdocs\pos\app\Controllers\Auth.php(28): CodeIgniter\HTTP\RedirectResponse->route(false)
#2 C:\xampp\htdocs\pos\system\CodeIgniter.php(824): App\Controllers\Auth->index()
#3 C:\xampp\htdocs\pos\system\CodeIgniter.php(410): CodeIgniter\CodeIgniter->runController(Object(App\Controllers\Auth))
#4 C:\xampp\htdocs\pos\system\CodeIgniter.php(318): CodeIgniter\CodeIgniter->handleRequest(NULL, Object(Config\Cache), false)
#5 C:\xampp\htdocs\pos\public\index.php(37): CodeIgniter\CodeIgniter->run()
#6 C:\xampp\htdocs\pos\system\Commands\Server\rewrite.php(43): require_once('C:\\xampp\\htdocs...')
#7 {main}
CRITICAL - 2021-11-13 19:57:31 -->  route cannot be found while reverse-routing.
#0 C:\xampp\htdocs\pos\system\HTTP\RedirectResponse.php(56): CodeIgniter\HTTP\Exceptions\HTTPException::forInvalidRedirectRoute('')
#1 C:\xampp\htdocs\pos\app\Controllers\Auth.php(28): CodeIgniter\HTTP\RedirectResponse->route(false)
#2 C:\xampp\htdocs\pos\system\CodeIgniter.php(824): App\Controllers\Auth->index()
#3 C:\xampp\htdocs\pos\system\CodeIgniter.php(410): CodeIgniter\CodeIgniter->runController(Object(App\Controllers\Auth))
#4 C:\xampp\htdocs\pos\system\CodeIgniter.php(318): CodeIgniter\CodeIgniter->handleRequest(NULL, Object(Config\Cache), false)
#5 C:\xampp\htdocs\pos\public\index.php(37): CodeIgniter\CodeIgniter->run()
#6 C:\xampp\htdocs\pos\system\Commands\Server\rewrite.php(43): require_once('C:\\xampp\\htdocs...')
#7 {main}
CRITICAL - 2021-11-13 19:57:31 -->  route cannot be found while reverse-routing.
#0 C:\xampp\htdocs\pos\system\HTTP\RedirectResponse.php(56): CodeIgniter\HTTP\Exceptions\HTTPException::forInvalidRedirectRoute('')
#1 C:\xampp\htdocs\pos\app\Controllers\Auth.php(28): CodeIgniter\HTTP\RedirectResponse->route(false)
#2 C:\xampp\htdocs\pos\system\CodeIgniter.php(824): App\Controllers\Auth->index()
#3 C:\xampp\htdocs\pos\system\CodeIgniter.php(410): CodeIgniter\CodeIgniter->runController(Object(App\Controllers\Auth))
#4 C:\xampp\htdocs\pos\system\CodeIgniter.php(318): CodeIgniter\CodeIgniter->handleRequest(NULL, Object(Config\Cache), false)
#5 C:\xampp\htdocs\pos\public\index.php(37): CodeIgniter\CodeIgniter->run()
#6 C:\xampp\htdocs\pos\system\Commands\Server\rewrite.php(43): require_once('C:\\xampp\\htdocs...')
#7 {main}
CRITICAL - 2021-11-13 19:57:31 -->  route cannot be found while reverse-routing.
#0 C:\xampp\htdocs\pos\system\HTTP\RedirectResponse.php(56): CodeIgniter\HTTP\Exceptions\HTTPException::forInvalidRedirectRoute('')
#1 C:\xampp\htdocs\pos\app\Controllers\Auth.php(28): CodeIgniter\HTTP\RedirectResponse->route(false)
#2 C:\xampp\htdocs\pos\system\CodeIgniter.php(824): App\Controllers\Auth->index()
#3 C:\xampp\htdocs\pos\system\CodeIgniter.php(410): CodeIgniter\CodeIgniter->runController(Object(App\Controllers\Auth))
#4 C:\xampp\htdocs\pos\system\CodeIgniter.php(318): CodeIgniter\CodeIgniter->handleRequest(NULL, Object(Config\Cache), false)
#5 C:\xampp\htdocs\pos\public\index.php(37): CodeIgniter\CodeIgniter->run()
#6 C:\xampp\htdocs\pos\system\Commands\Server\rewrite.php(43): require_once('C:\\xampp\\htdocs...')
#7 {main}
CRITICAL - 2021-11-13 19:57:57 --> A non-numeric value encountered
#0 C:\xampp\htdocs\pos\app\Controllers\Auth.php(27): CodeIgniter\Debug\Exceptions->errorHandler(2, 'A non-numeric v...', 'C:\\xampp\\htdocs...', 27, Array)
#1 C:\xampp\htdocs\pos\system\CodeIgniter.php(824): App\Controllers\Auth->index()
#2 C:\xampp\htdocs\pos\system\CodeIgniter.php(410): CodeIgniter\CodeIgniter->runController(Object(App\Controllers\Auth))
#3 C:\xampp\htdocs\pos\system\CodeIgniter.php(318): CodeIgniter\CodeIgniter->handleRequest(NULL, Object(Config\Cache), false)
#4 C:\xampp\htdocs\pos\public\index.php(37): CodeIgniter\CodeIgniter->run()
#5 C:\xampp\htdocs\pos\system\Commands\Server\rewrite.php(43): require_once('C:\\xampp\\htdocs...')
#6 {main}
CRITICAL - 2021-11-13 19:57:58 --> A non-numeric value encountered
#0 C:\xampp\htdocs\pos\app\Controllers\Auth.php(27): CodeIgniter\Debug\Exceptions->errorHandler(2, 'A non-numeric v...', 'C:\\xampp\\htdocs...', 27, Array)
#1 C:\xampp\htdocs\pos\system\CodeIgniter.php(824): App\Controllers\Auth->index()
#2 C:\xampp\htdocs\pos\system\CodeIgniter.php(410): CodeIgniter\CodeIgniter->runController(Object(App\Controllers\Auth))
#3 C:\xampp\htdocs\pos\system\CodeIgniter.php(318): CodeIgniter\CodeIgniter->handleRequest(NULL, Object(Config\Cache), false)
#4 C:\xampp\htdocs\pos\public\index.php(37): CodeIgniter\CodeIgniter->run()
#5 C:\xampp\htdocs\pos\system\Commands\Server\rewrite.php(43): require_once('C:\\xampp\\htdocs...')
#6 {main}
CRITICAL - 2021-11-13 19:57:58 --> A non-numeric value encountered
#0 C:\xampp\htdocs\pos\app\Controllers\Auth.php(27): CodeIgniter\Debug\Exceptions->errorHandler(2, 'A non-numeric v...', 'C:\\xampp\\htdocs...', 27, Array)
#1 C:\xampp\htdocs\pos\system\CodeIgniter.php(824): App\Controllers\Auth->index()
#2 C:\xampp\htdocs\pos\system\CodeIgniter.php(410): CodeIgniter\CodeIgniter->runController(Object(App\Controllers\Auth))
#3 C:\xampp\htdocs\pos\system\CodeIgniter.php(318): CodeIgniter\CodeIgniter->handleRequest(NULL, Object(Config\Cache), false)
#4 C:\xampp\htdocs\pos\public\index.php(37): CodeIgniter\CodeIgniter->run()
#5 C:\xampp\htdocs\pos\system\Commands\Server\rewrite.php(43): require_once('C:\\xampp\\htdocs...')
#6 {main}
CRITICAL - 2021-11-13 19:57:59 --> A non-numeric value encountered
#0 C:\xampp\htdocs\pos\app\Controllers\Auth.php(27): CodeIgniter\Debug\Exceptions->errorHandler(2, 'A non-numeric v...', 'C:\\xampp\\htdocs...', 27, Array)
#1 C:\xampp\htdocs\pos\system\CodeIgniter.php(824): App\Controllers\Auth->index()
#2 C:\xampp\htdocs\pos\system\CodeIgniter.php(410): CodeIgniter\CodeIgniter->runController(Object(App\Controllers\Auth))
#3 C:\xampp\htdocs\pos\system\CodeIgniter.php(318): CodeIgniter\CodeIgniter->handleRequest(NULL, Object(Config\Cache), false)
#4 C:\xampp\htdocs\pos\public\index.php(37): CodeIgniter\CodeIgniter->run()
#5 C:\xampp\htdocs\pos\system\Commands\Server\rewrite.php(43): require_once('C:\\xampp\\htdocs...')
#6 {main}
CRITICAL - 2021-11-13 19:57:59 --> A non-numeric value encountered
#0 C:\xampp\htdocs\pos\app\Controllers\Auth.php(27): CodeIgniter\Debug\Exceptions->errorHandler(2, 'A non-numeric v...', 'C:\\xampp\\htdocs...', 27, Array)
#1 C:\xampp\htdocs\pos\system\CodeIgniter.php(824): App\Controllers\Auth->index()
#2 C:\xampp\htdocs\pos\system\CodeIgniter.php(410): CodeIgniter\CodeIgniter->runController(Object(App\Controllers\Auth))
#3 C:\xampp\htdocs\pos\system\CodeIgniter.php(318): CodeIgniter\CodeIgniter->handleRequest(NULL, Object(Config\Cache), false)
#4 C:\xampp\htdocs\pos\public\index.php(37): CodeIgniter\CodeIgniter->run()
#5 C:\xampp\htdocs\pos\system\Commands\Server\rewrite.php(43): require_once('C:\\xampp\\htdocs...')
#6 {main}
CRITICAL - 2021-11-13 19:57:59 --> A non-numeric value encountered
#0 C:\xampp\htdocs\pos\app\Controllers\Auth.php(27): CodeIgniter\Debug\Exceptions->errorHandler(2, 'A non-numeric v...', 'C:\\xampp\\htdocs...', 27, Array)
#1 C:\xampp\htdocs\pos\system\CodeIgniter.php(824): App\Controllers\Auth->index()
#2 C:\xampp\htdocs\pos\system\CodeIgniter.php(410): CodeIgniter\CodeIgniter->runController(Object(App\Controllers\Auth))
#3 C:\xampp\htdocs\pos\system\CodeIgniter.php(318): CodeIgniter\CodeIgniter->handleRequest(NULL, Object(Config\Cache), false)
#4 C:\xampp\htdocs\pos\public\index.php(37): CodeIgniter\CodeIgniter->run()
#5 C:\xampp\htdocs\pos\system\Commands\Server\rewrite.php(43): require_once('C:\\xampp\\htdocs...')
#6 {main}
CRITICAL - 2021-11-13 19:57:59 --> A non-numeric value encountered
#0 C:\xampp\htdocs\pos\app\Controllers\Auth.php(27): CodeIgniter\Debug\Exceptions->errorHandler(2, 'A non-numeric v...', 'C:\\xampp\\htdocs...', 27, Array)
#1 C:\xampp\htdocs\pos\system\CodeIgniter.php(824): App\Controllers\Auth->index()
#2 C:\xampp\htdocs\pos\system\CodeIgniter.php(410): CodeIgniter\CodeIgniter->runController(Object(App\Controllers\Auth))
#3 C:\xampp\htdocs\pos\system\CodeIgniter.php(318): CodeIgniter\CodeIgniter->handleRequest(NULL, Object(Config\Cache), false)
#4 C:\xampp\htdocs\pos\public\index.php(37): CodeIgniter\CodeIgniter->run()
#5 C:\xampp\htdocs\pos\system\Commands\Server\rewrite.php(43): require_once('C:\\xampp\\htdocs...')
#6 {main}
CRITICAL - 2021-11-13 19:57:59 --> A non-numeric value encountered
#0 C:\xampp\htdocs\pos\app\Controllers\Auth.php(27): CodeIgniter\Debug\Exceptions->errorHandler(2, 'A non-numeric v...', 'C:\\xampp\\htdocs...', 27, Array)
#1 C:\xampp\htdocs\pos\system\CodeIgniter.php(824): App\Controllers\Auth->index()
#2 C:\xampp\htdocs\pos\system\CodeIgniter.php(410): CodeIgniter\CodeIgniter->runController(Object(App\Controllers\Auth))
#3 C:\xampp\htdocs\pos\system\CodeIgniter.php(318): CodeIgniter\CodeIgniter->handleRequest(NULL, Object(Config\Cache), false)
#4 C:\xampp\htdocs\pos\public\index.php(37): CodeIgniter\CodeIgniter->run()
#5 C:\xampp\htdocs\pos\system\Commands\Server\rewrite.php(43): require_once('C:\\xampp\\htdocs...')
#6 {main}
CRITICAL - 2021-11-13 20:26:57 --> Undefined variable: user
#0 C:\xampp\htdocs\pos\app\Views\Template\Admin\header.php(33): CodeIgniter\Debug\Exceptions->errorHandler(8, 'Undefined varia...', 'C:\\xampp\\htdocs...', 33, Array)
#1 C:\xampp\htdocs\pos\system\View\View.php(214): include('C:\\xampp\\htdocs...')
#2 C:\xampp\htdocs\pos\system\View\View.php(217): CodeIgniter\View\View->CodeIgniter\View\{closure}()
#3 C:\xampp\htdocs\pos\system\Common.php(1097): CodeIgniter\View\View->render('Template/Admin/...', Array, true)
#4 C:\xampp\htdocs\pos\app\Controllers\Admin.php(22): view('Template/Admin/...', Array)
#5 C:\xampp\htdocs\pos\app\Controllers\Admin.php(29): App\Controllers\Admin->index()
#6 C:\xampp\htdocs\pos\system\CodeIgniter.php(824): App\Controllers\Admin->dashboard()
#7 C:\xampp\htdocs\pos\system\CodeIgniter.php(410): CodeIgniter\CodeIgniter->runController(Object(App\Controllers\Admin))
#8 C:\xampp\htdocs\pos\system\CodeIgniter.php(318): CodeIgniter\CodeIgniter->handleRequest(NULL, Object(Config\Cache), false)
#9 C:\xampp\htdocs\pos\public\index.php(37): CodeIgniter\CodeIgniter->run()
#10 C:\xampp\htdocs\pos\system\Commands\Server\rewrite.php(43): require_once('C:\\xampp\\htdocs...')
#11 {main}
CRITICAL - 2021-11-13 20:27:11 --> Undefined variable: user
#0 C:\xampp\htdocs\pos\app\Views\Template\Admin\header.php(33): CodeIgniter\Debug\Exceptions->errorHandler(8, 'Undefined varia...', 'C:\\xampp\\htdocs...', 33, Array)
#1 C:\xampp\htdocs\pos\system\View\View.php(214): include('C:\\xampp\\htdocs...')
#2 C:\xampp\htdocs\pos\system\View\View.php(217): CodeIgniter\View\View->CodeIgniter\View\{closure}()
#3 C:\xampp\htdocs\pos\system\Common.php(1097): CodeIgniter\View\View->render('Template/Admin/...', Array, true)
#4 C:\xampp\htdocs\pos\app\Controllers\Admin.php(22): view('Template/Admin/...', Array)
#5 C:\xampp\htdocs\pos\app\Controllers\Admin.php(29): App\Controllers\Admin->index()
#6 C:\xampp\htdocs\pos\system\CodeIgniter.php(824): App\Controllers\Admin->dashboard()
#7 C:\xampp\htdocs\pos\system\CodeIgniter.php(410): CodeIgniter\CodeIgniter->runController(Object(App\Controllers\Admin))
#8 C:\xampp\htdocs\pos\system\CodeIgniter.php(318): CodeIgniter\CodeIgniter->handleRequest(NULL, Object(Config\Cache), false)
#9 C:\xampp\htdocs\pos\public\index.php(37): CodeIgniter\CodeIgniter->run()
#10 C:\xampp\htdocs\pos\system\Commands\Server\rewrite.php(43): require_once('C:\\xampp\\htdocs...')
#11 {main}
CRITICAL - 2021-11-13 20:31:12 --> Call to undefined function set_value()
#0 C:\xampp\htdocs\pos\system\View\View.php(214): include()
#1 C:\xampp\htdocs\pos\system\View\View.php(217): CodeIgniter\View\View->CodeIgniter\View\{closure}()
#2 C:\xampp\htdocs\pos\system\Common.php(1097): CodeIgniter\View\View->render('Auth/login', Array, true)
#3 C:\xampp\htdocs\pos\app\Controllers\Admin.php(23): view('Auth/login')
#4 C:\xampp\htdocs\pos\app\Controllers\Admin.php(29): App\Controllers\Admin->index()
#5 C:\xampp\htdocs\pos\system\CodeIgniter.php(824): App\Controllers\Admin->dashboard()
#6 C:\xampp\htdocs\pos\system\CodeIgniter.php(410): CodeIgniter\CodeIgniter->runController(Object(App\Controllers\Admin))
#7 C:\xampp\htdocs\pos\system\CodeIgniter.php(318): CodeIgniter\CodeIgniter->handleRequest(NULL, Object(Config\Cache), false)
#8 C:\xampp\htdocs\pos\public\index.php(37): CodeIgniter\CodeIgniter->run()
#9 C:\xampp\htdocs\pos\system\Commands\Server\rewrite.php(43): require_once('C:\\xampp\\htdocs...')
#10 {main}
CRITICAL - 2021-11-13 20:31:24 --> Call to undefined function set_value()
#0 C:\xampp\htdocs\pos\system\View\View.php(214): include()
#1 C:\xampp\htdocs\pos\system\View\View.php(217): CodeIgniter\View\View->CodeIgniter\View\{closure}()
#2 C:\xampp\htdocs\pos\system\Common.php(1097): CodeIgniter\View\View->render('Auth/login', Array, true)
#3 C:\xampp\htdocs\pos\app\Controllers\Admin.php(23): view('Auth/login')
#4 C:\xampp\htdocs\pos\system\CodeIgniter.php(824): App\Controllers\Admin->index()
#5 C:\xampp\htdocs\pos\system\CodeIgniter.php(410): CodeIgniter\CodeIgniter->runController(Object(App\Controllers\Admin))
#6 C:\xampp\htdocs\pos\system\CodeIgniter.php(318): CodeIgniter\CodeIgniter->handleRequest(NULL, Object(Config\Cache), false)
#7 C:\xampp\htdocs\pos\public\index.php(37): CodeIgniter\CodeIgniter->run()
#8 C:\xampp\htdocs\pos\system\Commands\Server\rewrite.php(43): require_once('C:\\xampp\\htdocs...')
#9 {main}
CRITICAL - 2021-11-13 20:31:30 --> Call to undefined function set_value()
#0 C:\xampp\htdocs\pos\system\View\View.php(214): include()
#1 C:\xampp\htdocs\pos\system\View\View.php(217): CodeIgniter\View\View->CodeIgniter\View\{closure}()
#2 C:\xampp\htdocs\pos\system\Common.php(1097): CodeIgniter\View\View->render('Auth/login', Array, true)
#3 C:\xampp\htdocs\pos\app\Controllers\Admin.php(23): view('Auth/login')
#4 C:\xampp\htdocs\pos\app\Controllers\Admin.php(29): App\Controllers\Admin->index()
#5 C:\xampp\htdocs\pos\system\CodeIgniter.php(824): App\Controllers\Admin->dashboard()
#6 C:\xampp\htdocs\pos\system\CodeIgniter.php(410): CodeIgniter\CodeIgniter->runController(Object(App\Controllers\Admin))
#7 C:\xampp\htdocs\pos\system\CodeIgniter.php(318): CodeIgniter\CodeIgniter->handleRequest(NULL, Object(Config\Cache), false)
#8 C:\xampp\htdocs\pos\public\index.php(37): CodeIgniter\CodeIgniter->run()
#9 C:\xampp\htdocs\pos\system\Commands\Server\rewrite.php(43): require_once('C:\\xampp\\htdocs...')
#10 {main}
CRITICAL - 2021-11-13 20:31:32 --> Call to undefined function set_value()
#0 C:\xampp\htdocs\pos\system\View\View.php(214): include()
#1 C:\xampp\htdocs\pos\system\View\View.php(217): CodeIgniter\View\View->CodeIgniter\View\{closure}()
#2 C:\xampp\htdocs\pos\system\Common.php(1097): CodeIgniter\View\View->render('Auth/login', Array, true)
#3 C:\xampp\htdocs\pos\app\Controllers\Admin.php(23): view('Auth/login')
#4 C:\xampp\htdocs\pos\app\Controllers\Admin.php(29): App\Controllers\Admin->index()
#5 C:\xampp\htdocs\pos\system\CodeIgniter.php(824): App\Controllers\Admin->dashboard()
#6 C:\xampp\htdocs\pos\system\CodeIgniter.php(410): CodeIgniter\CodeIgniter->runController(Object(App\Controllers\Admin))
#7 C:\xampp\htdocs\pos\system\CodeIgniter.php(318): CodeIgniter\CodeIgniter->handleRequest(NULL, Object(Config\Cache), false)
#8 C:\xampp\htdocs\pos\public\index.php(37): CodeIgniter\CodeIgniter->run()
#9 C:\xampp\htdocs\pos\system\Commands\Server\rewrite.php(43): require_once('C:\\xampp\\htdocs...')
#10 {main}
CRITICAL - 2021-11-13 20:31:32 --> Call to undefined function set_value()
#0 C:\xampp\htdocs\pos\system\View\View.php(214): include()
#1 C:\xampp\htdocs\pos\system\View\View.php(217): CodeIgniter\View\View->CodeIgniter\View\{closure}()
#2 C:\xampp\htdocs\pos\system\Common.php(1097): CodeIgniter\View\View->render('Auth/login', Array, true)
#3 C:\xampp\htdocs\pos\app\Controllers\Admin.php(23): view('Auth/login')
#4 C:\xampp\htdocs\pos\app\Controllers\Admin.php(29): App\Controllers\Admin->index()
#5 C:\xampp\htdocs\pos\system\CodeIgniter.php(824): App\Controllers\Admin->dashboard()
#6 C:\xampp\htdocs\pos\system\CodeIgniter.php(410): CodeIgniter\CodeIgniter->runController(Object(App\Controllers\Admin))
#7 C:\xampp\htdocs\pos\system\CodeIgniter.php(318): CodeIgniter\CodeIgniter->handleRequest(NULL, Object(Config\Cache), false)
#8 C:\xampp\htdocs\pos\public\index.php(37): CodeIgniter\CodeIgniter->run()
#9 C:\xampp\htdocs\pos\system\Commands\Server\rewrite.php(43): require_once('C:\\xampp\\htdocs...')
#10 {main}
CRITICAL - 2021-11-13 20:33:12 --> Cannot call constructor
#0 C:\xampp\htdocs\pos\system\CodeIgniter.php(801): App\Controllers\Admin->__construct()
#1 C:\xampp\htdocs\pos\system\CodeIgniter.php(401): CodeIgniter\CodeIgniter->createController()
#2 C:\xampp\htdocs\pos\system\CodeIgniter.php(318): CodeIgniter\CodeIgniter->handleRequest(NULL, Object(Config\Cache), false)
#3 C:\xampp\htdocs\pos\public\index.php(37): CodeIgniter\CodeIgniter->run()
#4 C:\xampp\htdocs\pos\system\Commands\Server\rewrite.php(43): require_once('C:\\xampp\\htdocs...')
#5 {main}
CRITICAL - 2021-11-13 20:33:23 --> Call to undefined function set_value()
#0 C:\xampp\htdocs\pos\system\View\View.php(214): include()
#1 C:\xampp\htdocs\pos\system\View\View.php(217): CodeIgniter\View\View->CodeIgniter\View\{closure}()
#2 C:\xampp\htdocs\pos\system\Common.php(1097): CodeIgniter\View\View->render('Auth/login', Array, true)
#3 C:\xampp\htdocs\pos\app\Controllers\Admin.php(23): view('Auth/login')
#4 C:\xampp\htdocs\pos\app\Controllers\Admin.php(29): App\Controllers\Admin->index()
#5 C:\xampp\htdocs\pos\system\CodeIgniter.php(824): App\Controllers\Admin->dashboard()
#6 C:\xampp\htdocs\pos\system\CodeIgniter.php(410): CodeIgniter\CodeIgniter->runController(Object(App\Controllers\Admin))
#7 C:\xampp\htdocs\pos\system\CodeIgniter.php(318): CodeIgniter\CodeIgniter->handleRequest(NULL, Object(Config\Cache), false)
#8 C:\xampp\htdocs\pos\public\index.php(37): CodeIgniter\CodeIgniter->run()
#9 C:\xampp\htdocs\pos\system\Commands\Server\rewrite.php(43): require_once('C:\\xampp\\htdocs...')
#10 {main}
CRITICAL - 2021-11-13 20:33:27 --> Cannot call constructor
#0 C:\xampp\htdocs\pos\system\CodeIgniter.php(801): App\Controllers\Admin->__construct()
#1 C:\xampp\htdocs\pos\system\CodeIgniter.php(401): CodeIgniter\CodeIgniter->createController()
#2 C:\xampp\htdocs\pos\system\CodeIgniter.php(318): CodeIgniter\CodeIgniter->handleRequest(NULL, Object(Config\Cache), false)
#3 C:\xampp\htdocs\pos\public\index.php(37): CodeIgniter\CodeIgniter->run()
#4 C:\xampp\htdocs\pos\system\Commands\Server\rewrite.php(43): require_once('C:\\xampp\\htdocs...')
#5 {main}
CRITICAL - 2021-11-13 20:35:02 --> Use of undefined constant __construct - assumed '__construct' (this will throw an Error in a future version of PHP)
#0 C:\xampp\htdocs\pos\app\Controllers\Admin.php(10): CodeIgniter\Debug\Exceptions->errorHandler(2, 'Use of undefine...', 'C:\\xampp\\htdocs...', 10, Array)
#1 C:\xampp\htdocs\pos\system\CodeIgniter.php(801): App\Controllers\Admin->__construct()
#2 C:\xampp\htdocs\pos\system\CodeIgniter.php(401): CodeIgniter\CodeIgniter->createController()
#3 C:\xampp\htdocs\pos\system\CodeIgniter.php(318): CodeIgniter\CodeIgniter->handleRequest(NULL, Object(Config\Cache), false)
#4 C:\xampp\htdocs\pos\public\index.php(37): CodeIgniter\CodeIgniter->run()
#5 C:\xampp\htdocs\pos\system\Commands\Server\rewrite.php(43): require_once('C:\\xampp\\htdocs...')
#6 {main}
CRITICAL - 2021-11-13 20:43:04 --> Call to undefined function App\Controllers\fromat_rupiah()
#0 C:\xampp\htdocs\pos\system\CodeIgniter.php(824): App\Controllers\Admin->dashboard()
#1 C:\xampp\htdocs\pos\system\CodeIgniter.php(410): CodeIgniter\CodeIgniter->runController(Object(App\Controllers\Admin))
#2 C:\xampp\htdocs\pos\system\CodeIgniter.php(318): CodeIgniter\CodeIgniter->handleRequest(NULL, Object(Config\Cache), false)
#3 C:\xampp\htdocs\pos\public\index.php(37): CodeIgniter\CodeIgniter->run()
#4 C:\xampp\htdocs\pos\system\Commands\Server\rewrite.php(43): require_once('C:\\xampp\\htdocs...')
#5 {main}
CRITICAL - 2021-11-13 20:44:21 --> A non-numeric value encountered
#0 C:\xampp\htdocs\pos\app\Helpers\access_helper.php(12): CodeIgniter\Debug\Exceptions->errorHandler(2, 'A non-numeric v...', 'C:\\xampp\\htdocs...', 12, Array)
#1 C:\xampp\htdocs\pos\app\Controllers\Admin.php(36): format_rupiah(30000)
#2 C:\xampp\htdocs\pos\system\CodeIgniter.php(824): App\Controllers\Admin->dashboard()
#3 C:\xampp\htdocs\pos\system\CodeIgniter.php(410): CodeIgniter\CodeIgniter->runController(Object(App\Controllers\Admin))
#4 C:\xampp\htdocs\pos\system\CodeIgniter.php(318): CodeIgniter\CodeIgniter->handleRequest(NULL, Object(Config\Cache), false)
#5 C:\xampp\htdocs\pos\public\index.php(37): CodeIgniter\CodeIgniter->run()
#6 C:\xampp\htdocs\pos\system\Commands\Server\rewrite.php(43): require_once('C:\\xampp\\htdocs...')
#7 {main}
CRITICAL - 2021-11-13 20:44:53 -->  route cannot be found while reverse-routing.
#0 C:\xampp\htdocs\pos\system\HTTP\RedirectResponse.php(56): CodeIgniter\HTTP\Exceptions\HTTPException::forInvalidRedirectRoute('')
#1 C:\xampp\htdocs\pos\system\Common.php(840): CodeIgniter\HTTP\RedirectResponse->route(false)
#2 C:\xampp\htdocs\pos\app\Helpers\access_helper.php(5): redirect('auth')
#3 C:\xampp\htdocs\pos\app\Controllers\Admin.php(30): is_login(NULL)
#4 C:\xampp\htdocs\pos\system\CodeIgniter.php(824): App\Controllers\Admin->dashboard()
#5 C:\xampp\htdocs\pos\system\CodeIgniter.php(410): CodeIgniter\CodeIgniter->runController(Object(App\Controllers\Admin))
#6 C:\xampp\htdocs\pos\system\CodeIgniter.php(318): CodeIgniter\CodeIgniter->handleRequest(NULL, Object(Config\Cache), false)
#7 C:\xampp\htdocs\pos\public\index.php(37): CodeIgniter\CodeIgniter->run()
#8 C:\xampp\htdocs\pos\system\Commands\Server\rewrite.php(43): require_once('C:\\xampp\\htdocs...')
#9 {main}
CRITICAL - 2021-11-13 20:44:54 -->  route cannot be found while reverse-routing.
#0 C:\xampp\htdocs\pos\system\HTTP\RedirectResponse.php(56): CodeIgniter\HTTP\Exceptions\HTTPException::forInvalidRedirectRoute('')
#1 C:\xampp\htdocs\pos\system\Common.php(840): CodeIgniter\HTTP\RedirectResponse->route(false)
#2 C:\xampp\htdocs\pos\app\Helpers\access_helper.php(5): redirect('auth')
#3 C:\xampp\htdocs\pos\app\Controllers\Admin.php(30): is_login(NULL)
#4 C:\xampp\htdocs\pos\system\CodeIgniter.php(824): App\Controllers\Admin->dashboard()
#5 C:\xampp\htdocs\pos\system\CodeIgniter.php(410): CodeIgniter\CodeIgniter->runController(Object(App\Controllers\Admin))
#6 C:\xampp\htdocs\pos\system\CodeIgniter.php(318): CodeIgniter\CodeIgniter->handleRequest(NULL, Object(Config\Cache), false)
#7 C:\xampp\htdocs\pos\public\index.php(37): CodeIgniter\CodeIgniter->run()
#8 C:\xampp\htdocs\pos\system\Commands\Server\rewrite.php(43): require_once('C:\\xampp\\htdocs...')
#9 {main}
CRITICAL - 2021-11-13 20:44:54 -->  route cannot be found while reverse-routing.
#0 C:\xampp\htdocs\pos\system\HTTP\RedirectResponse.php(56): CodeIgniter\HTTP\Exceptions\HTTPException::forInvalidRedirectRoute('')
#1 C:\xampp\htdocs\pos\system\Common.php(840): CodeIgniter\HTTP\RedirectResponse->route(false)
#2 C:\xampp\htdocs\pos\app\Helpers\access_helper.php(5): redirect('auth')
#3 C:\xampp\htdocs\pos\app\Controllers\Admin.php(30): is_login(NULL)
#4 C:\xampp\htdocs\pos\system\CodeIgniter.php(824): App\Controllers\Admin->dashboard()
#5 C:\xampp\htdocs\pos\system\CodeIgniter.php(410): CodeIgniter\CodeIgniter->runController(Object(App\Controllers\Admin))
#6 C:\xampp\htdocs\pos\system\CodeIgniter.php(318): CodeIgniter\CodeIgniter->handleRequest(NULL, Object(Config\Cache), false)
#7 C:\xampp\htdocs\pos\public\index.php(37): CodeIgniter\CodeIgniter->run()
#8 C:\xampp\htdocs\pos\system\Commands\Server\rewrite.php(43): require_once('C:\\xampp\\htdocs...')
#9 {main}
CRITICAL - 2021-11-13 20:44:55 -->  route cannot be found while reverse-routing.
#0 C:\xampp\htdocs\pos\system\HTTP\RedirectResponse.php(56): CodeIgniter\HTTP\Exceptions\HTTPException::forInvalidRedirectRoute('')
#1 C:\xampp\htdocs\pos\system\Common.php(840): CodeIgniter\HTTP\RedirectResponse->route(false)
#2 C:\xampp\htdocs\pos\app\Helpers\access_helper.php(5): redirect('auth')
#3 C:\xampp\htdocs\pos\app\Controllers\Admin.php(30): is_login(NULL)
#4 C:\xampp\htdocs\pos\system\CodeIgniter.php(824): App\Controllers\Admin->dashboard()
#5 C:\xampp\htdocs\pos\system\CodeIgniter.php(410): CodeIgniter\CodeIgniter->runController(Object(App\Controllers\Admin))
#6 C:\xampp\htdocs\pos\system\CodeIgniter.php(318): CodeIgniter\CodeIgniter->handleRequest(NULL, Object(Config\Cache), false)
#7 C:\xampp\htdocs\pos\public\index.php(37): CodeIgniter\CodeIgniter->run()
#8 C:\xampp\htdocs\pos\system\Commands\Server\rewrite.php(43): require_once('C:\\xampp\\htdocs...')
#9 {main}
CRITICAL - 2021-11-13 20:44:55 -->  route cannot be found while reverse-routing.
#0 C:\xampp\htdocs\pos\system\HTTP\RedirectResponse.php(56): CodeIgniter\HTTP\Exceptions\HTTPException::forInvalidRedirectRoute('')
#1 C:\xampp\htdocs\pos\system\Common.php(840): CodeIgniter\HTTP\RedirectResponse->route(false)
#2 C:\xampp\htdocs\pos\app\Helpers\access_helper.php(5): redirect('auth')
#3 C:\xampp\htdocs\pos\app\Controllers\Admin.php(30): is_login(NULL)
#4 C:\xampp\htdocs\pos\system\CodeIgniter.php(824): App\Controllers\Admin->dashboard()
#5 C:\xampp\htdocs\pos\system\CodeIgniter.php(410): CodeIgniter\CodeIgniter->runController(Object(App\Controllers\Admin))
#6 C:\xampp\htdocs\pos\system\CodeIgniter.php(318): CodeIgniter\CodeIgniter->handleRequest(NULL, Object(Config\Cache), false)
#7 C:\xampp\htdocs\pos\public\index.php(37): CodeIgniter\CodeIgniter->run()
#8 C:\xampp\htdocs\pos\system\Commands\Server\rewrite.php(43): require_once('C:\\xampp\\htdocs...')
#9 {main}
CRITICAL - 2021-11-13 20:44:55 -->  route cannot be found while reverse-routing.
#0 C:\xampp\htdocs\pos\system\HTTP\RedirectResponse.php(56): CodeIgniter\HTTP\Exceptions\HTTPException::forInvalidRedirectRoute('')
#1 C:\xampp\htdocs\pos\system\Common.php(840): CodeIgniter\HTTP\RedirectResponse->route(false)
#2 C:\xampp\htdocs\pos\app\Helpers\access_helper.php(5): redirect('auth')
#3 C:\xampp\htdocs\pos\app\Controllers\Admin.php(30): is_login(NULL)
#4 C:\xampp\htdocs\pos\system\CodeIgniter.php(824): App\Controllers\Admin->dashboard()
#5 C:\xampp\htdocs\pos\system\CodeIgniter.php(410): CodeIgniter\CodeIgniter->runController(Object(App\Controllers\Admin))
#6 C:\xampp\htdocs\pos\system\CodeIgniter.php(318): CodeIgniter\CodeIgniter->handleRequest(NULL, Object(Config\Cache), false)
#7 C:\xampp\htdocs\pos\public\index.php(37): CodeIgniter\CodeIgniter->run()
#8 C:\xampp\htdocs\pos\system\Commands\Server\rewrite.php(43): require_once('C:\\xampp\\htdocs...')
#9 {main}
CRITICAL - 2021-11-13 20:44:55 -->  route cannot be found while reverse-routing.
#0 C:\xampp\htdocs\pos\system\HTTP\RedirectResponse.php(56): CodeIgniter\HTTP\Exceptions\HTTPException::forInvalidRedirectRoute('')
#1 C:\xampp\htdocs\pos\system\Common.php(840): CodeIgniter\HTTP\RedirectResponse->route(false)
#2 C:\xampp\htdocs\pos\app\Helpers\access_helper.php(5): redirect('auth')
#3 C:\xampp\htdocs\pos\app\Controllers\Admin.php(30): is_login(NULL)
#4 C:\xampp\htdocs\pos\system\CodeIgniter.php(824): App\Controllers\Admin->dashboard()
#5 C:\xampp\htdocs\pos\system\CodeIgniter.php(410): CodeIgniter\CodeIgniter->runController(Object(App\Controllers\Admin))
#6 C:\xampp\htdocs\pos\system\CodeIgniter.php(318): CodeIgniter\CodeIgniter->handleRequest(NULL, Object(Config\Cache), false)
#7 C:\xampp\htdocs\pos\public\index.php(37): CodeIgniter\CodeIgniter->run()
#8 C:\xampp\htdocs\pos\system\Commands\Server\rewrite.php(43): require_once('C:\\xampp\\htdocs...')
#9 {main}
CRITICAL - 2021-11-13 20:44:56 -->  route cannot be found while reverse-routing.
#0 C:\xampp\htdocs\pos\system\HTTP\RedirectResponse.php(56): CodeIgniter\HTTP\Exceptions\HTTPException::forInvalidRedirectRoute('')
#1 C:\xampp\htdocs\pos\system\Common.php(840): CodeIgniter\HTTP\RedirectResponse->route(false)
#2 C:\xampp\htdocs\pos\app\Helpers\access_helper.php(5): redirect('auth')
#3 C:\xampp\htdocs\pos\app\Controllers\Admin.php(30): is_login(NULL)
#4 C:\xampp\htdocs\pos\system\CodeIgniter.php(824): App\Controllers\Admin->dashboard()
#5 C:\xampp\htdocs\pos\system\CodeIgniter.php(410): CodeIgniter\CodeIgniter->runController(Object(App\Controllers\Admin))
#6 C:\xampp\htdocs\pos\system\CodeIgniter.php(318): CodeIgniter\CodeIgniter->handleRequest(NULL, Object(Config\Cache), false)
#7 C:\xampp\htdocs\pos\public\index.php(37): CodeIgniter\CodeIgniter->run()
#8 C:\xampp\htdocs\pos\system\Commands\Server\rewrite.php(43): require_once('C:\\xampp\\htdocs...')
#9 {main}
CRITICAL - 2021-11-13 20:44:56 -->  route cannot be found while reverse-routing.
#0 C:\xampp\htdocs\pos\system\HTTP\RedirectResponse.php(56): CodeIgniter\HTTP\Exceptions\HTTPException::forInvalidRedirectRoute('')
#1 C:\xampp\htdocs\pos\system\Common.php(840): CodeIgniter\HTTP\RedirectResponse->route(false)
#2 C:\xampp\htdocs\pos\app\Helpers\access_helper.php(5): redirect('auth')
#3 C:\xampp\htdocs\pos\app\Controllers\Admin.php(30): is_login(NULL)
#4 C:\xampp\htdocs\pos\system\CodeIgniter.php(824): App\Controllers\Admin->dashboard()
#5 C:\xampp\htdocs\pos\system\CodeIgniter.php(410): CodeIgniter\CodeIgniter->runController(Object(App\Controllers\Admin))
#6 C:\xampp\htdocs\pos\system\CodeIgniter.php(318): CodeIgniter\CodeIgniter->handleRequest(NULL, Object(Config\Cache), false)
#7 C:\xampp\htdocs\pos\public\index.php(37): CodeIgniter\CodeIgniter->run()
#8 C:\xampp\htdocs\pos\system\Commands\Server\rewrite.php(43): require_once('C:\\xampp\\htdocs...')
#9 {main}
CRITICAL - 2021-11-13 20:44:56 -->  route cannot be found while reverse-routing.
#0 C:\xampp\htdocs\pos\system\HTTP\RedirectResponse.php(56): CodeIgniter\HTTP\Exceptions\HTTPException::forInvalidRedirectRoute('')
#1 C:\xampp\htdocs\pos\system\Common.php(840): CodeIgniter\HTTP\RedirectResponse->route(false)
#2 C:\xampp\htdocs\pos\app\Helpers\access_helper.php(5): redirect('auth')
#3 C:\xampp\htdocs\pos\app\Controllers\Admin.php(30): is_login(NULL)
#4 C:\xampp\htdocs\pos\system\CodeIgniter.php(824): App\Controllers\Admin->dashboard()
#5 C:\xampp\htdocs\pos\system\CodeIgniter.php(410): CodeIgniter\CodeIgniter->runController(Object(App\Controllers\Admin))
#6 C:\xampp\htdocs\pos\system\CodeIgniter.php(318): CodeIgniter\CodeIgniter->handleRequest(NULL, Object(Config\Cache), false)
#7 C:\xampp\htdocs\pos\public\index.php(37): CodeIgniter\CodeIgniter->run()
#8 C:\xampp\htdocs\pos\system\Commands\Server\rewrite.php(43): require_once('C:\\xampp\\htdocs...')
#9 {main}
CRITICAL - 2021-11-13 20:44:56 -->  route cannot be found while reverse-routing.
#0 C:\xampp\htdocs\pos\system\HTTP\RedirectResponse.php(56): CodeIgniter\HTTP\Exceptions\HTTPException::forInvalidRedirectRoute('')
#1 C:\xampp\htdocs\pos\system\Common.php(840): CodeIgniter\HTTP\RedirectResponse->route(false)
#2 C:\xampp\htdocs\pos\app\Helpers\access_helper.php(5): redirect('auth')
#3 C:\xampp\htdocs\pos\app\Controllers\Admin.php(30): is_login(NULL)
#4 C:\xampp\htdocs\pos\system\CodeIgniter.php(824): App\Controllers\Admin->dashboard()
#5 C:\xampp\htdocs\pos\system\CodeIgniter.php(410): CodeIgniter\CodeIgniter->runController(Object(App\Controllers\Admin))
#6 C:\xampp\htdocs\pos\system\CodeIgniter.php(318): CodeIgniter\CodeIgniter->handleRequest(NULL, Object(Config\Cache), false)
#7 C:\xampp\htdocs\pos\public\index.php(37): CodeIgniter\CodeIgniter->run()
#8 C:\xampp\htdocs\pos\system\Commands\Server\rewrite.php(43): require_once('C:\\xampp\\htdocs...')
#9 {main}
CRITICAL - 2021-11-13 20:44:57 -->  route cannot be found while reverse-routing.
#0 C:\xampp\htdocs\pos\system\HTTP\RedirectResponse.php(56): CodeIgniter\HTTP\Exceptions\HTTPException::forInvalidRedirectRoute('')
#1 C:\xampp\htdocs\pos\system\Common.php(840): CodeIgniter\HTTP\RedirectResponse->route(false)
#2 C:\xampp\htdocs\pos\app\Helpers\access_helper.php(5): redirect('auth')
#3 C:\xampp\htdocs\pos\app\Controllers\Admin.php(30): is_login(NULL)
#4 C:\xampp\htdocs\pos\system\CodeIgniter.php(824): App\Controllers\Admin->dashboard()
#5 C:\xampp\htdocs\pos\system\CodeIgniter.php(410): CodeIgniter\CodeIgniter->runController(Object(App\Controllers\Admin))
#6 C:\xampp\htdocs\pos\system\CodeIgniter.php(318): CodeIgniter\CodeIgniter->handleRequest(NULL, Object(Config\Cache), false)
#7 C:\xampp\htdocs\pos\public\index.php(37): CodeIgniter\CodeIgniter->run()
#8 C:\xampp\htdocs\pos\system\Commands\Server\rewrite.php(43): require_once('C:\\xampp\\htdocs...')
#9 {main}
CRITICAL - 2021-11-13 20:44:57 -->  route cannot be found while reverse-routing.
#0 C:\xampp\htdocs\pos\system\HTTP\RedirectResponse.php(56): CodeIgniter\HTTP\Exceptions\HTTPException::forInvalidRedirectRoute('')
#1 C:\xampp\htdocs\pos\system\Common.php(840): CodeIgniter\HTTP\RedirectResponse->route(false)
#2 C:\xampp\htdocs\pos\app\Helpers\access_helper.php(5): redirect('auth')
#3 C:\xampp\htdocs\pos\app\Controllers\Admin.php(30): is_login(NULL)
#4 C:\xampp\htdocs\pos\system\CodeIgniter.php(824): App\Controllers\Admin->dashboard()
#5 C:\xampp\htdocs\pos\system\CodeIgniter.php(410): CodeIgniter\CodeIgniter->runController(Object(App\Controllers\Admin))
#6 C:\xampp\htdocs\pos\system\CodeIgniter.php(318): CodeIgniter\CodeIgniter->handleRequest(NULL, Object(Config\Cache), false)
#7 C:\xampp\htdocs\pos\public\index.php(37): CodeIgniter\CodeIgniter->run()
#8 C:\xampp\htdocs\pos\system\Commands\Server\rewrite.php(43): require_once('C:\\xampp\\htdocs...')
#9 {main}
CRITICAL - 2021-11-13 20:45:01 -->  route cannot be found while reverse-routing.
#0 C:\xampp\htdocs\pos\system\HTTP\RedirectResponse.php(56): CodeIgniter\HTTP\Exceptions\HTTPException::forInvalidRedirectRoute('')
#1 C:\xampp\htdocs\pos\system\Common.php(840): CodeIgniter\HTTP\RedirectResponse->route(false)
#2 C:\xampp\htdocs\pos\app\Helpers\access_helper.php(5): redirect('auth')
#3 C:\xampp\htdocs\pos\app\Controllers\Admin.php(30): is_login(NULL)
#4 C:\xampp\htdocs\pos\system\CodeIgniter.php(824): App\Controllers\Admin->dashboard()
#5 C:\xampp\htdocs\pos\system\CodeIgniter.php(410): CodeIgniter\CodeIgniter->runController(Object(App\Controllers\Admin))
#6 C:\xampp\htdocs\pos\system\CodeIgniter.php(318): CodeIgniter\CodeIgniter->handleRequest(NULL, Object(Config\Cache), false)
#7 C:\xampp\htdocs\pos\public\index.php(37): CodeIgniter\CodeIgniter->run()
#8 C:\xampp\htdocs\pos\system\Commands\Server\rewrite.php(43): require_once('C:\\xampp\\htdocs...')
#9 {main}
CRITICAL - 2021-11-13 20:45:01 -->  route cannot be found while reverse-routing.
#0 C:\xampp\htdocs\pos\system\HTTP\RedirectResponse.php(56): CodeIgniter\HTTP\Exceptions\HTTPException::forInvalidRedirectRoute('')
#1 C:\xampp\htdocs\pos\system\Common.php(840): CodeIgniter\HTTP\RedirectResponse->route(false)
#2 C:\xampp\htdocs\pos\app\Helpers\access_helper.php(5): redirect('auth')
#3 C:\xampp\htdocs\pos\app\Controllers\Admin.php(30): is_login(NULL)
#4 C:\xampp\htdocs\pos\system\CodeIgniter.php(824): App\Controllers\Admin->dashboard()
#5 C:\xampp\htdocs\pos\system\CodeIgniter.php(410): CodeIgniter\CodeIgniter->runController(Object(App\Controllers\Admin))
#6 C:\xampp\htdocs\pos\system\CodeIgniter.php(318): CodeIgniter\CodeIgniter->handleRequest(NULL, Object(Config\Cache), false)
#7 C:\xampp\htdocs\pos\public\index.php(37): CodeIgniter\CodeIgniter->run()
#8 C:\xampp\htdocs\pos\system\Commands\Server\rewrite.php(43): require_once('C:\\xampp\\htdocs...')
#9 {main}
CRITICAL - 2021-11-13 20:45:01 -->  route cannot be found while reverse-routing.
#0 C:\xampp\htdocs\pos\system\HTTP\RedirectResponse.php(56): CodeIgniter\HTTP\Exceptions\HTTPException::forInvalidRedirectRoute('')
#1 C:\xampp\htdocs\pos\system\Common.php(840): CodeIgniter\HTTP\RedirectResponse->route(false)
#2 C:\xampp\htdocs\pos\app\Helpers\access_helper.php(5): redirect('auth')
#3 C:\xampp\htdocs\pos\app\Controllers\Admin.php(30): is_login(NULL)
#4 C:\xampp\htdocs\pos\system\CodeIgniter.php(824): App\Controllers\Admin->dashboard()
#5 C:\xampp\htdocs\pos\system\CodeIgniter.php(410): CodeIgniter\CodeIgniter->runController(Object(App\Controllers\Admin))
#6 C:\xampp\htdocs\pos\system\CodeIgniter.php(318): CodeIgniter\CodeIgniter->handleRequest(NULL, Object(Config\Cache), false)
#7 C:\xampp\htdocs\pos\public\index.php(37): CodeIgniter\CodeIgniter->run()
#8 C:\xampp\htdocs\pos\system\Commands\Server\rewrite.php(43): require_once('C:\\xampp\\htdocs...')
#9 {main}
CRITICAL - 2021-11-13 20:45:02 -->  route cannot be found while reverse-routing.
#0 C:\xampp\htdocs\pos\system\HTTP\RedirectResponse.php(56): CodeIgniter\HTTP\Exceptions\HTTPException::forInvalidRedirectRoute('')
#1 C:\xampp\htdocs\pos\system\Common.php(840): CodeIgniter\HTTP\RedirectResponse->route(false)
#2 C:\xampp\htdocs\pos\app\Helpers\access_helper.php(5): redirect('auth')
#3 C:\xampp\htdocs\pos\app\Controllers\Admin.php(30): is_login(NULL)
#4 C:\xampp\htdocs\pos\system\CodeIgniter.php(824): App\Controllers\Admin->dashboard()
#5 C:\xampp\htdocs\pos\system\CodeIgniter.php(410): CodeIgniter\CodeIgniter->runController(Object(App\Controllers\Admin))
#6 C:\xampp\htdocs\pos\system\CodeIgniter.php(318): CodeIgniter\CodeIgniter->handleRequest(NULL, Object(Config\Cache), false)
#7 C:\xampp\htdocs\pos\public\index.php(37): CodeIgniter\CodeIgniter->run()
#8 C:\xampp\htdocs\pos\system\Commands\Server\rewrite.php(43): require_once('C:\\xampp\\htdocs...')
#9 {main}
CRITICAL - 2021-11-13 20:45:06 -->  route cannot be found while reverse-routing.
#0 C:\xampp\htdocs\pos\system\HTTP\RedirectResponse.php(56): CodeIgniter\HTTP\Exceptions\HTTPException::forInvalidRedirectRoute('')
#1 C:\xampp\htdocs\pos\system\Common.php(840): CodeIgniter\HTTP\RedirectResponse->route(false)
#2 C:\xampp\htdocs\pos\app\Helpers\access_helper.php(5): redirect('auth')
#3 C:\xampp\htdocs\pos\app\Controllers\Admin.php(30): is_login(NULL)
#4 C:\xampp\htdocs\pos\system\CodeIgniter.php(824): App\Controllers\Admin->dashboard()
#5 C:\xampp\htdocs\pos\system\CodeIgniter.php(410): CodeIgniter\CodeIgniter->runController(Object(App\Controllers\Admin))
#6 C:\xampp\htdocs\pos\system\CodeIgniter.php(318): CodeIgniter\CodeIgniter->handleRequest(NULL, Object(Config\Cache), false)
#7 C:\xampp\htdocs\pos\public\index.php(37): CodeIgniter\CodeIgniter->run()
#8 C:\xampp\htdocs\pos\system\Commands\Server\rewrite.php(43): require_once('C:\\xampp\\htdocs...')
#9 {main}
CRITICAL - 2021-11-13 20:53:25 --> Class 'Config\App\Filters\Auth' not found
#0 C:\xampp\htdocs\pos\system\CodeIgniter.php(384): CodeIgniter\Filters\Filters->run('admin/dashboard', 'before')
#1 C:\xampp\htdocs\pos\system\CodeIgniter.php(318): CodeIgniter\CodeIgniter->handleRequest(NULL, Object(Config\Cache), false)
#2 C:\xampp\htdocs\pos\public\index.php(37): CodeIgniter\CodeIgniter->run()
#3 C:\xampp\htdocs\pos\system\Commands\Server\rewrite.php(43): require_once('C:\\xampp\\htdocs...')
#4 {main}
CRITICAL - 2021-11-13 20:53:26 --> Class 'Config\App\Filters\Auth' not found
#0 C:\xampp\htdocs\pos\system\CodeIgniter.php(384): CodeIgniter\Filters\Filters->run('admin/dashboard', 'before')
#1 C:\xampp\htdocs\pos\system\CodeIgniter.php(318): CodeIgniter\CodeIgniter->handleRequest(NULL, Object(Config\Cache), false)
#2 C:\xampp\htdocs\pos\public\index.php(37): CodeIgniter\CodeIgniter->run()
#3 C:\xampp\htdocs\pos\system\Commands\Server\rewrite.php(43): require_once('C:\\xampp\\htdocs...')
#4 {main}
CRITICAL - 2021-11-13 20:53:27 --> Class 'Config\App\Filters\Auth' not found
#0 C:\xampp\htdocs\pos\system\CodeIgniter.php(384): CodeIgniter\Filters\Filters->run('admin/dashboard', 'before')
#1 C:\xampp\htdocs\pos\system\CodeIgniter.php(318): CodeIgniter\CodeIgniter->handleRequest(NULL, Object(Config\Cache), false)
#2 C:\xampp\htdocs\pos\public\index.php(37): CodeIgniter\CodeIgniter->run()
#3 C:\xampp\htdocs\pos\system\Commands\Server\rewrite.php(43): require_once('C:\\xampp\\htdocs...')
#4 {main}
CRITICAL - 2021-11-13 20:53:27 --> Class 'Config\App\Filters\Auth' not found
#0 C:\xampp\htdocs\pos\system\CodeIgniter.php(384): CodeIgniter\Filters\Filters->run('admin/dashboard', 'before')
#1 C:\xampp\htdocs\pos\system\CodeIgniter.php(318): CodeIgniter\CodeIgniter->handleRequest(NULL, Object(Config\Cache), false)
#2 C:\xampp\htdocs\pos\public\index.php(37): CodeIgniter\CodeIgniter->run()
#3 C:\xampp\htdocs\pos\system\Commands\Server\rewrite.php(43): require_once('C:\\xampp\\htdocs...')
#4 {main}
CRITICAL - 2021-11-13 20:53:27 --> Class 'Config\App\Filters\Auth' not found
#0 C:\xampp\htdocs\pos\system\CodeIgniter.php(384): CodeIgniter\Filters\Filters->run('admin/dashboard', 'before')
#1 C:\xampp\htdocs\pos\system\CodeIgniter.php(318): CodeIgniter\CodeIgniter->handleRequest(NULL, Object(Config\Cache), false)
#2 C:\xampp\htdocs\pos\public\index.php(37): CodeIgniter\CodeIgniter->run()
#3 C:\xampp\htdocs\pos\system\Commands\Server\rewrite.php(43): require_once('C:\\xampp\\htdocs...')
#4 {main}
CRITICAL - 2021-11-13 20:53:27 --> Class 'Config\App\Filters\Auth' not found
#0 C:\xampp\htdocs\pos\system\CodeIgniter.php(384): CodeIgniter\Filters\Filters->run('admin/dashboard', 'before')
#1 C:\xampp\htdocs\pos\system\CodeIgniter.php(318): CodeIgniter\CodeIgniter->handleRequest(NULL, Object(Config\Cache), false)
#2 C:\xampp\htdocs\pos\public\index.php(37): CodeIgniter\CodeIgniter->run()
#3 C:\xampp\htdocs\pos\system\Commands\Server\rewrite.php(43): require_once('C:\\xampp\\htdocs...')
#4 {main}
CRITICAL - 2021-11-13 20:53:41 --> Class 'Config\App\Filters\Auth' not found
#0 C:\xampp\htdocs\pos\system\CodeIgniter.php(384): CodeIgniter\Filters\Filters->run('admin/dashboard', 'before')
#1 C:\xampp\htdocs\pos\system\CodeIgniter.php(318): CodeIgniter\CodeIgniter->handleRequest(NULL, Object(Config\Cache), false)
#2 C:\xampp\htdocs\pos\public\index.php(37): CodeIgniter\CodeIgniter->run()
#3 C:\xampp\htdocs\pos\system\Commands\Server\rewrite.php(43): require_once('C:\\xampp\\htdocs...')
#4 {main}
CRITICAL - 2021-11-13 20:54:50 --> Class 'Config\App\Filters\Auth' not found
#0 C:\xampp\htdocs\pos\system\CodeIgniter.php(384): CodeIgniter\Filters\Filters->run('admin/dashboard', 'before')
#1 C:\xampp\htdocs\pos\system\CodeIgniter.php(318): CodeIgniter\CodeIgniter->handleRequest(NULL, Object(Config\Cache), false)
#2 C:\xampp\htdocs\pos\public\index.php(37): CodeIgniter\CodeIgniter->run()
#3 C:\xampp\htdocs\pos\system\Commands\Server\rewrite.php(43): require_once('C:\\xampp\\htdocs...')
#4 {main}
CRITICAL - 2021-11-13 20:54:51 --> Class 'Config\App\Filters\Auth' not found
#0 C:\xampp\htdocs\pos\system\CodeIgniter.php(384): CodeIgniter\Filters\Filters->run('admin/dashboard', 'before')
#1 C:\xampp\htdocs\pos\system\CodeIgniter.php(318): CodeIgniter\CodeIgniter->handleRequest(NULL, Object(Config\Cache), false)
#2 C:\xampp\htdocs\pos\public\index.php(37): CodeIgniter\CodeIgniter->run()
#3 C:\xampp\htdocs\pos\system\Commands\Server\rewrite.php(43): require_once('C:\\xampp\\htdocs...')
#4 {main}
CRITICAL - 2021-11-13 20:54:51 --> Class 'Config\App\Filters\Auth' not found
#0 C:\xampp\htdocs\pos\system\CodeIgniter.php(384): CodeIgniter\Filters\Filters->run('admin/dashboard', 'before')
#1 C:\xampp\htdocs\pos\system\CodeIgniter.php(318): CodeIgniter\CodeIgniter->handleRequest(NULL, Object(Config\Cache), false)
#2 C:\xampp\htdocs\pos\public\index.php(37): CodeIgniter\CodeIgniter->run()
#3 C:\xampp\htdocs\pos\system\Commands\Server\rewrite.php(43): require_once('C:\\xampp\\htdocs...')
#4 {main}
CRITICAL - 2021-11-13 20:54:52 --> Class 'Config\App\Filters\Auth' not found
#0 C:\xampp\htdocs\pos\system\CodeIgniter.php(384): CodeIgniter\Filters\Filters->run('admin/dashboard', 'before')
#1 C:\xampp\htdocs\pos\system\CodeIgniter.php(318): CodeIgniter\CodeIgniter->handleRequest(NULL, Object(Config\Cache), false)
#2 C:\xampp\htdocs\pos\public\index.php(37): CodeIgniter\CodeIgniter->run()
#3 C:\xampp\htdocs\pos\system\Commands\Server\rewrite.php(43): require_once('C:\\xampp\\htdocs...')
#4 {main}
CRITICAL - 2021-11-13 20:55:29 --> Class 'Config\App\Filters\Auth' not found
#0 C:\xampp\htdocs\pos\system\CodeIgniter.php(384): CodeIgniter\Filters\Filters->run('admin/dashboard', 'before')
#1 C:\xampp\htdocs\pos\system\CodeIgniter.php(318): CodeIgniter\CodeIgniter->handleRequest(NULL, Object(Config\Cache), false)
#2 C:\xampp\htdocs\pos\public\index.php(37): CodeIgniter\CodeIgniter->run()
#3 C:\xampp\htdocs\pos\system\Commands\Server\rewrite.php(43): require_once('C:\\xampp\\htdocs...')
#4 {main}
CRITICAL - 2021-11-13 21:53:15 --> Undefined variable: web
#0 C:\xampp\htdocs\pos\app\Views\Template\Admin\template.php(13): CodeIgniter\Debug\Exceptions->errorHandler(8, 'Undefined varia...', 'C:\\xampp\\htdocs...', 13, Array)
#1 C:\xampp\htdocs\pos\system\View\View.php(214): include('C:\\xampp\\htdocs...')
#2 C:\xampp\htdocs\pos\system\View\View.php(217): CodeIgniter\View\View->CodeIgniter\View\{closure}()
#3 C:\xampp\htdocs\pos\system\Common.php(1097): CodeIgniter\View\View->render('Template/Admin/...', Array, true)
#4 C:\xampp\htdocs\pos\app\Controllers\Admin.php(23): view('Template/Admin/...', Array)
#5 C:\xampp\htdocs\pos\system\CodeIgniter.php(824): App\Controllers\Admin->index()
#6 C:\xampp\htdocs\pos\system\CodeIgniter.php(410): CodeIgniter\CodeIgniter->runController(Object(App\Controllers\Admin))
#7 C:\xampp\htdocs\pos\system\CodeIgniter.php(318): CodeIgniter\CodeIgniter->handleRequest(NULL, Object(Config\Cache), false)
#8 C:\xampp\htdocs\pos\public\index.php(37): CodeIgniter\CodeIgniter->run()
#9 C:\xampp\htdocs\pos\system\Commands\Server\rewrite.php(43): require_once('C:\\xampp\\htdocs...')
#10 {main}
CRITICAL - 2021-11-13 21:53:17 --> Undefined variable: web
#0 C:\xampp\htdocs\pos\app\Views\Template\Admin\template.php(13): CodeIgniter\Debug\Exceptions->errorHandler(8, 'Undefined varia...', 'C:\\xampp\\htdocs...', 13, Array)
#1 C:\xampp\htdocs\pos\system\View\View.php(214): include('C:\\xampp\\htdocs...')
#2 C:\xampp\htdocs\pos\system\View\View.php(217): CodeIgniter\View\View->CodeIgniter\View\{closure}()
#3 C:\xampp\htdocs\pos\system\Common.php(1097): CodeIgniter\View\View->render('Template/Admin/...', Array, true)
#4 C:\xampp\htdocs\pos\app\Controllers\Admin.php(23): view('Template/Admin/...', Array)
#5 C:\xampp\htdocs\pos\system\CodeIgniter.php(824): App\Controllers\Admin->index()
#6 C:\xampp\htdocs\pos\system\CodeIgniter.php(410): CodeIgniter\CodeIgniter->runController(Object(App\Controllers\Admin))
#7 C:\xampp\htdocs\pos\system\CodeIgniter.php(318): CodeIgniter\CodeIgniter->handleRequest(NULL, Object(Config\Cache), false)
#8 C:\xampp\htdocs\pos\public\index.php(37): CodeIgniter\CodeIgniter->run()
#9 C:\xampp\htdocs\pos\system\Commands\Server\rewrite.php(43): require_once('C:\\xampp\\htdocs...')
#10 {main}
CRITICAL - 2021-11-13 21:53:52 --> Undefined property: CodeIgniter\View\View::$db
#0 C:\xampp\htdocs\pos\app\Views\Template\Admin\sidebar.php(2): CodeIgniter\Debug\Exceptions->errorHandler(8, 'Undefined prope...', 'C:\\xampp\\htdocs...', 2, Array)
#1 C:\xampp\htdocs\pos\system\View\View.php(214): include('C:\\xampp\\htdocs...')
#2 C:\xampp\htdocs\pos\system\View\View.php(217): CodeIgniter\View\View->CodeIgniter\View\{closure}()
#3 C:\xampp\htdocs\pos\system\Common.php(1097): CodeIgniter\View\View->render('Template/Admin/...', Array, true)
#4 C:\xampp\htdocs\pos\app\Controllers\Admin.php(24): view('Template/Admin/...', Array)
#5 C:\xampp\htdocs\pos\system\CodeIgniter.php(824): App\Controllers\Admin->index()
#6 C:\xampp\htdocs\pos\system\CodeIgniter.php(410): CodeIgniter\CodeIgniter->runController(Object(App\Controllers\Admin))
#7 C:\xampp\htdocs\pos\system\CodeIgniter.php(318): CodeIgniter\CodeIgniter->handleRequest(NULL, Object(Config\Cache), false)
#8 C:\xampp\htdocs\pos\public\index.php(37): CodeIgniter\CodeIgniter->run()
#9 C:\xampp\htdocs\pos\system\Commands\Server\rewrite.php(43): require_once('C:\\xampp\\htdocs...')
#10 {main}
CRITICAL - 2021-11-13 21:56:26 --> Undefined variable: menu
#0 C:\xampp\htdocs\pos\app\Views\Template\Admin\sidebar.php(31): CodeIgniter\Debug\Exceptions->errorHandler(8, 'Undefined varia...', 'C:\\xampp\\htdocs...', 31, Array)
#1 C:\xampp\htdocs\pos\system\View\View.php(214): include('C:\\xampp\\htdocs...')
#2 C:\xampp\htdocs\pos\system\View\View.php(217): CodeIgniter\View\View->CodeIgniter\View\{closure}()
#3 C:\xampp\htdocs\pos\system\Common.php(1097): CodeIgniter\View\View->render('Template/Admin/...', Array, true)
#4 C:\xampp\htdocs\pos\app\Controllers\Admin.php(24): view('Template/Admin/...', Array)
#5 C:\xampp\htdocs\pos\system\CodeIgniter.php(824): App\Controllers\Admin->index()
#6 C:\xampp\htdocs\pos\system\CodeIgniter.php(410): CodeIgniter\CodeIgniter->runController(Object(App\Controllers\Admin))
#7 C:\xampp\htdocs\pos\system\CodeIgniter.php(318): CodeIgniter\CodeIgniter->handleRequest(NULL, Object(Config\Cache), false)
#8 C:\xampp\htdocs\pos\public\index.php(37): CodeIgniter\CodeIgniter->run()
#9 C:\xampp\htdocs\pos\system\Commands\Server\rewrite.php(43): require_once('C:\\xampp\\htdocs...')
#10 {main}
CRITICAL - 2021-11-13 21:57:42 --> Undefined variable: notif_ppdb
#0 C:\xampp\htdocs\pos\app\Views\Template\Admin\sidebar.php(57): CodeIgniter\Debug\Exceptions->errorHandler(8, 'Undefined varia...', 'C:\\xampp\\htdocs...', 57, Array)
#1 C:\xampp\htdocs\pos\system\View\View.php(214): include('C:\\xampp\\htdocs...')
#2 C:\xampp\htdocs\pos\system\View\View.php(217): CodeIgniter\View\View->CodeIgniter\View\{closure}()
#3 C:\xampp\htdocs\pos\system\Common.php(1097): CodeIgniter\View\View->render('Template/Admin/...', Array, true)
#4 C:\xampp\htdocs\pos\app\Controllers\Admin.php(25): view('Template/Admin/...', Array)
#5 C:\xampp\htdocs\pos\system\CodeIgniter.php(824): App\Controllers\Admin->dashboard()
#6 C:\xampp\htdocs\pos\system\CodeIgniter.php(410): CodeIgniter\CodeIgniter->runController(Object(App\Controllers\Admin))
#7 C:\xampp\htdocs\pos\system\CodeIgniter.php(318): CodeIgniter\CodeIgniter->handleRequest(NULL, Object(Config\Cache), false)
#8 C:\xampp\htdocs\pos\public\index.php(37): CodeIgniter\CodeIgniter->run()
#9 C:\xampp\htdocs\pos\system\Commands\Server\rewrite.php(43): require_once('C:\\xampp\\htdocs...')
#10 {main}
CRITICAL - 2021-11-13 21:58:00 --> Undefined variable: notif_konseling
#0 C:\xampp\htdocs\pos\app\Views\Template\Admin\sidebar.php(87): CodeIgniter\Debug\Exceptions->errorHandler(8, 'Undefined varia...', 'C:\\xampp\\htdocs...', 87, Array)
#1 C:\xampp\htdocs\pos\system\View\View.php(214): include('C:\\xampp\\htdocs...')
#2 C:\xampp\htdocs\pos\system\View\View.php(217): CodeIgniter\View\View->CodeIgniter\View\{closure}()
#3 C:\xampp\htdocs\pos\system\Common.php(1097): CodeIgniter\View\View->render('Template/Admin/...', Array, true)
#4 C:\xampp\htdocs\pos\app\Controllers\Admin.php(25): view('Template/Admin/...', Array)
#5 C:\xampp\htdocs\pos\system\CodeIgniter.php(824): App\Controllers\Admin->dashboard()
#6 C:\xampp\htdocs\pos\system\CodeIgniter.php(410): CodeIgniter\CodeIgniter->runController(Object(App\Controllers\Admin))
#7 C:\xampp\htdocs\pos\system\CodeIgniter.php(318): CodeIgniter\CodeIgniter->handleRequest(NULL, Object(Config\Cache), false)
#8 C:\xampp\htdocs\pos\public\index.php(37): CodeIgniter\CodeIgniter->run()
#9 C:\xampp\htdocs\pos\system\Commands\Server\rewrite.php(43): require_once('C:\\xampp\\htdocs...')
#10 {main}
CRITICAL - 2021-11-13 21:58:28 --> Undefined variable: notif_kontak
#0 C:\xampp\htdocs\pos\app\Views\Template\Admin\sidebar.php(221): CodeIgniter\Debug\Exceptions->errorHandler(8, 'Undefined varia...', 'C:\\xampp\\htdocs...', 221, Array)
#1 C:\xampp\htdocs\pos\system\View\View.php(214): include('C:\\xampp\\htdocs...')
#2 C:\xampp\htdocs\pos\system\View\View.php(217): CodeIgniter\View\View->CodeIgniter\View\{closure}()
#3 C:\xampp\htdocs\pos\system\Common.php(1097): CodeIgniter\View\View->render('Template/Admin/...', Array, true)
#4 C:\xampp\htdocs\pos\app\Controllers\Admin.php(25): view('Template/Admin/...', Array)
#5 C:\xampp\htdocs\pos\system\CodeIgniter.php(824): App\Controllers\Admin->dashboard()
#6 C:\xampp\htdocs\pos\system\CodeIgniter.php(410): CodeIgniter\CodeIgniter->runController(Object(App\Controllers\Admin))
#7 C:\xampp\htdocs\pos\system\CodeIgniter.php(318): CodeIgniter\CodeIgniter->handleRequest(NULL, Object(Config\Cache), false)
#8 C:\xampp\htdocs\pos\public\index.php(37): CodeIgniter\CodeIgniter->run()
#9 C:\xampp\htdocs\pos\system\Commands\Server\rewrite.php(43): require_once('C:\\xampp\\htdocs...')
#10 {main}
