CRITICAL - 2021-12-02 07:33:11 --> Decrypting: authentication failed.
#0 C:\xampp\htdocs\laundry\system\Encryption\Handlers\OpenSSLHandler.php(98): CodeIgniter\Encryption\Exceptions\EncryptionException::forAuthenticationFailed()
#1 C:\xampp\htdocs\laundry\app\Controllers\Api.php(52): CodeIgniter\Encryption\Handlers\OpenSSLHandler->decrypt('')
#2 C:\xampp\htdocs\laundry\system\CodeIgniter.php(824): App\Controllers\Api->login()
#3 C:\xampp\htdocs\laundry\system\CodeIgniter.php(410): CodeIgniter\CodeIgniter->runController(Object(App\Controllers\Api))
#4 C:\xampp\htdocs\laundry\system\CodeIgniter.php(318): CodeIgniter\CodeIgniter->handleRequest(NULL, Object(Config\Cache), false)
#5 C:\xampp\htdocs\laundry\public\index.php(37): CodeIgniter\CodeIgniter->run()
#6 C:\xampp\htdocs\laundry\system\Commands\Server\rewrite.php(43): require_once('C:\\xampp\\htdocs...')
#7 {main}
CRITICAL - 2021-12-02 07:33:19 --> Decrypting: authentication failed.
#0 C:\xampp\htdocs\laundry\system\Encryption\Handlers\OpenSSLHandler.php(98): CodeIgniter\Encryption\Exceptions\EncryptionException::forAuthenticationFailed()
#1 C:\xampp\htdocs\laundry\app\Controllers\Api.php(52): CodeIgniter\Encryption\Handlers\OpenSSLHandler->decrypt('')
#2 C:\xampp\htdocs\laundry\system\CodeIgniter.php(824): App\Controllers\Api->login()
#3 C:\xampp\htdocs\laundry\system\CodeIgniter.php(410): CodeIgniter\CodeIgniter->runController(Object(App\Controllers\Api))
#4 C:\xampp\htdocs\laundry\system\CodeIgniter.php(318): CodeIgniter\CodeIgniter->handleRequest(NULL, Object(Config\Cache), false)
#5 C:\xampp\htdocs\laundry\public\index.php(37): CodeIgniter\CodeIgniter->run()
#6 C:\xampp\htdocs\laundry\system\Commands\Server\rewrite.php(43): require_once('C:\\xampp\\htdocs...')
#7 {main}
CRITICAL - 2021-12-02 07:33:51 --> Decrypting: authentication failed.
#0 C:\xampp\htdocs\laundry\system\Encryption\Handlers\OpenSSLHandler.php(98): CodeIgniter\Encryption\Exceptions\EncryptionException::forAuthenticationFailed()
#1 C:\xampp\htdocs\laundry\app\Controllers\Api.php(52): CodeIgniter\Encryption\Handlers\OpenSSLHandler->decrypt('')
#2 C:\xampp\htdocs\laundry\system\CodeIgniter.php(824): App\Controllers\Api->login()
#3 C:\xampp\htdocs\laundry\system\CodeIgniter.php(410): CodeIgniter\CodeIgniter->runController(Object(App\Controllers\Api))
#4 C:\xampp\htdocs\laundry\system\CodeIgniter.php(318): CodeIgniter\CodeIgniter->handleRequest(NULL, Object(Config\Cache), false)
#5 C:\xampp\htdocs\laundry\public\index.php(37): CodeIgniter\CodeIgniter->run()
#6 C:\xampp\htdocs\laundry\system\Commands\Server\rewrite.php(43): require_once('C:\\xampp\\htdocs...')
#7 {main}
CRITICAL - 2021-12-02 07:33:54 --> Decrypting: authentication failed.
#0 C:\xampp\htdocs\laundry\system\Encryption\Handlers\OpenSSLHandler.php(98): CodeIgniter\Encryption\Exceptions\EncryptionException::forAuthenticationFailed()
#1 C:\xampp\htdocs\laundry\app\Controllers\Api.php(52): CodeIgniter\Encryption\Handlers\OpenSSLHandler->decrypt('')
#2 C:\xampp\htdocs\laundry\system\CodeIgniter.php(824): App\Controllers\Api->login()
#3 C:\xampp\htdocs\laundry\system\CodeIgniter.php(410): CodeIgniter\CodeIgniter->runController(Object(App\Controllers\Api))
#4 C:\xampp\htdocs\laundry\system\CodeIgniter.php(318): CodeIgniter\CodeIgniter->handleRequest(NULL, Object(Config\Cache), false)
#5 C:\xampp\htdocs\laundry\public\index.php(37): CodeIgniter\CodeIgniter->run()
#6 C:\xampp\htdocs\laundry\system\Commands\Server\rewrite.php(43): require_once('C:\\xampp\\htdocs...')
#7 {main}
CRITICAL - 2021-12-02 07:34:44 --> Decrypting: authentication failed.
#0 C:\xampp\htdocs\laundry\system\Encryption\Handlers\OpenSSLHandler.php(98): CodeIgniter\Encryption\Exceptions\EncryptionException::forAuthenticationFailed()
#1 C:\xampp\htdocs\laundry\app\Controllers\Api.php(52): CodeIgniter\Encryption\Handlers\OpenSSLHandler->decrypt('')
#2 C:\xampp\htdocs\laundry\system\CodeIgniter.php(824): App\Controllers\Api->login()
#3 C:\xampp\htdocs\laundry\system\CodeIgniter.php(410): CodeIgniter\CodeIgniter->runController(Object(App\Controllers\Api))
#4 C:\xampp\htdocs\laundry\system\CodeIgniter.php(318): CodeIgniter\CodeIgniter->handleRequest(NULL, Object(Config\Cache), false)
#5 C:\xampp\htdocs\laundry\public\index.php(37): CodeIgniter\CodeIgniter->run()
#6 C:\xampp\htdocs\laundry\system\Commands\Server\rewrite.php(43): require_once('C:\\xampp\\htdocs...')
#7 {main}
CRITICAL - 2021-12-02 07:34:47 --> Decrypting: authentication failed.
#0 C:\xampp\htdocs\laundry\system\Encryption\Handlers\OpenSSLHandler.php(98): CodeIgniter\Encryption\Exceptions\EncryptionException::forAuthenticationFailed()
#1 C:\xampp\htdocs\laundry\app\Controllers\Api.php(52): CodeIgniter\Encryption\Handlers\OpenSSLHandler->decrypt('')
#2 C:\xampp\htdocs\laundry\system\CodeIgniter.php(824): App\Controllers\Api->login()
#3 C:\xampp\htdocs\laundry\system\CodeIgniter.php(410): CodeIgniter\CodeIgniter->runController(Object(App\Controllers\Api))
#4 C:\xampp\htdocs\laundry\system\CodeIgniter.php(318): CodeIgniter\CodeIgniter->handleRequest(NULL, Object(Config\Cache), false)
#5 C:\xampp\htdocs\laundry\public\index.php(37): CodeIgniter\CodeIgniter->run()
#6 C:\xampp\htdocs\laundry\system\Commands\Server\rewrite.php(43): require_once('C:\\xampp\\htdocs...')
#7 {main}
CRITICAL - 2021-12-02 07:34:47 --> Decrypting: authentication failed.
#0 C:\xampp\htdocs\laundry\system\Encryption\Handlers\OpenSSLHandler.php(98): CodeIgniter\Encryption\Exceptions\EncryptionException::forAuthenticationFailed()
#1 C:\xampp\htdocs\laundry\app\Controllers\Api.php(52): CodeIgniter\Encryption\Handlers\OpenSSLHandler->decrypt('')
#2 C:\xampp\htdocs\laundry\system\CodeIgniter.php(824): App\Controllers\Api->login()
#3 C:\xampp\htdocs\laundry\system\CodeIgniter.php(410): CodeIgniter\CodeIgniter->runController(Object(App\Controllers\Api))
#4 C:\xampp\htdocs\laundry\system\CodeIgniter.php(318): CodeIgniter\CodeIgniter->handleRequest(NULL, Object(Config\Cache), false)
#5 C:\xampp\htdocs\laundry\public\index.php(37): CodeIgniter\CodeIgniter->run()
#6 C:\xampp\htdocs\laundry\system\Commands\Server\rewrite.php(43): require_once('C:\\xampp\\htdocs...')
#7 {main}
CRITICAL - 2021-12-02 07:34:48 --> Decrypting: authentication failed.
#0 C:\xampp\htdocs\laundry\system\Encryption\Handlers\OpenSSLHandler.php(98): CodeIgniter\Encryption\Exceptions\EncryptionException::forAuthenticationFailed()
#1 C:\xampp\htdocs\laundry\app\Controllers\Api.php(52): CodeIgniter\Encryption\Handlers\OpenSSLHandler->decrypt('')
#2 C:\xampp\htdocs\laundry\system\CodeIgniter.php(824): App\Controllers\Api->login()
#3 C:\xampp\htdocs\laundry\system\CodeIgniter.php(410): CodeIgniter\CodeIgniter->runController(Object(App\Controllers\Api))
#4 C:\xampp\htdocs\laundry\system\CodeIgniter.php(318): CodeIgniter\CodeIgniter->handleRequest(NULL, Object(Config\Cache), false)
#5 C:\xampp\htdocs\laundry\public\index.php(37): CodeIgniter\CodeIgniter->run()
#6 C:\xampp\htdocs\laundry\system\Commands\Server\rewrite.php(43): require_once('C:\\xampp\\htdocs...')
#7 {main}
CRITICAL - 2021-12-02 07:34:49 --> Decrypting: authentication failed.
#0 C:\xampp\htdocs\laundry\system\Encryption\Handlers\OpenSSLHandler.php(98): CodeIgniter\Encryption\Exceptions\EncryptionException::forAuthenticationFailed()
#1 C:\xampp\htdocs\laundry\app\Controllers\Api.php(52): CodeIgniter\Encryption\Handlers\OpenSSLHandler->decrypt('')
#2 C:\xampp\htdocs\laundry\system\CodeIgniter.php(824): App\Controllers\Api->login()
#3 C:\xampp\htdocs\laundry\system\CodeIgniter.php(410): CodeIgniter\CodeIgniter->runController(Object(App\Controllers\Api))
#4 C:\xampp\htdocs\laundry\system\CodeIgniter.php(318): CodeIgniter\CodeIgniter->handleRequest(NULL, Object(Config\Cache), false)
#5 C:\xampp\htdocs\laundry\public\index.php(37): CodeIgniter\CodeIgniter->run()
#6 C:\xampp\htdocs\laundry\system\Commands\Server\rewrite.php(43): require_once('C:\\xampp\\htdocs...')
#7 {main}
CRITICAL - 2021-12-02 07:34:49 --> Decrypting: authentication failed.
#0 C:\xampp\htdocs\laundry\system\Encryption\Handlers\OpenSSLHandler.php(98): CodeIgniter\Encryption\Exceptions\EncryptionException::forAuthenticationFailed()
#1 C:\xampp\htdocs\laundry\app\Controllers\Api.php(52): CodeIgniter\Encryption\Handlers\OpenSSLHandler->decrypt('')
#2 C:\xampp\htdocs\laundry\system\CodeIgniter.php(824): App\Controllers\Api->login()
#3 C:\xampp\htdocs\laundry\system\CodeIgniter.php(410): CodeIgniter\CodeIgniter->runController(Object(App\Controllers\Api))
#4 C:\xampp\htdocs\laundry\system\CodeIgniter.php(318): CodeIgniter\CodeIgniter->handleRequest(NULL, Object(Config\Cache), false)
#5 C:\xampp\htdocs\laundry\public\index.php(37): CodeIgniter\CodeIgniter->run()
#6 C:\xampp\htdocs\laundry\system\Commands\Server\rewrite.php(43): require_once('C:\\xampp\\htdocs...')
#7 {main}
CRITICAL - 2021-12-02 07:34:49 --> Decrypting: authentication failed.
#0 C:\xampp\htdocs\laundry\system\Encryption\Handlers\OpenSSLHandler.php(98): CodeIgniter\Encryption\Exceptions\EncryptionException::forAuthenticationFailed()
#1 C:\xampp\htdocs\laundry\app\Controllers\Api.php(52): CodeIgniter\Encryption\Handlers\OpenSSLHandler->decrypt('')
#2 C:\xampp\htdocs\laundry\system\CodeIgniter.php(824): App\Controllers\Api->login()
#3 C:\xampp\htdocs\laundry\system\CodeIgniter.php(410): CodeIgniter\CodeIgniter->runController(Object(App\Controllers\Api))
#4 C:\xampp\htdocs\laundry\system\CodeIgniter.php(318): CodeIgniter\CodeIgniter->handleRequest(NULL, Object(Config\Cache), false)
#5 C:\xampp\htdocs\laundry\public\index.php(37): CodeIgniter\CodeIgniter->run()
#6 C:\xampp\htdocs\laundry\system\Commands\Server\rewrite.php(43): require_once('C:\\xampp\\htdocs...')
#7 {main}
CRITICAL - 2021-12-02 07:34:49 --> Decrypting: authentication failed.
#0 C:\xampp\htdocs\laundry\system\Encryption\Handlers\OpenSSLHandler.php(98): CodeIgniter\Encryption\Exceptions\EncryptionException::forAuthenticationFailed()
#1 C:\xampp\htdocs\laundry\app\Controllers\Api.php(52): CodeIgniter\Encryption\Handlers\OpenSSLHandler->decrypt('')
#2 C:\xampp\htdocs\laundry\system\CodeIgniter.php(824): App\Controllers\Api->login()
#3 C:\xampp\htdocs\laundry\system\CodeIgniter.php(410): CodeIgniter\CodeIgniter->runController(Object(App\Controllers\Api))
#4 C:\xampp\htdocs\laundry\system\CodeIgniter.php(318): CodeIgniter\CodeIgniter->handleRequest(NULL, Object(Config\Cache), false)
#5 C:\xampp\htdocs\laundry\public\index.php(37): CodeIgniter\CodeIgniter->run()
#6 C:\xampp\htdocs\laundry\system\Commands\Server\rewrite.php(43): require_once('C:\\xampp\\htdocs...')
#7 {main}
CRITICAL - 2021-12-02 07:34:49 --> Decrypting: authentication failed.
#0 C:\xampp\htdocs\laundry\system\Encryption\Handlers\OpenSSLHandler.php(98): CodeIgniter\Encryption\Exceptions\EncryptionException::forAuthenticationFailed()
#1 C:\xampp\htdocs\laundry\app\Controllers\Api.php(52): CodeIgniter\Encryption\Handlers\OpenSSLHandler->decrypt('')
#2 C:\xampp\htdocs\laundry\system\CodeIgniter.php(824): App\Controllers\Api->login()
#3 C:\xampp\htdocs\laundry\system\CodeIgniter.php(410): CodeIgniter\CodeIgniter->runController(Object(App\Controllers\Api))
#4 C:\xampp\htdocs\laundry\system\CodeIgniter.php(318): CodeIgniter\CodeIgniter->handleRequest(NULL, Object(Config\Cache), false)
#5 C:\xampp\htdocs\laundry\public\index.php(37): CodeIgniter\CodeIgniter->run()
#6 C:\xampp\htdocs\laundry\system\Commands\Server\rewrite.php(43): require_once('C:\\xampp\\htdocs...')
#7 {main}
CRITICAL - 2021-12-02 07:34:49 --> Decrypting: authentication failed.
#0 C:\xampp\htdocs\laundry\system\Encryption\Handlers\OpenSSLHandler.php(98): CodeIgniter\Encryption\Exceptions\EncryptionException::forAuthenticationFailed()
#1 C:\xampp\htdocs\laundry\app\Controllers\Api.php(52): CodeIgniter\Encryption\Handlers\OpenSSLHandler->decrypt('')
#2 C:\xampp\htdocs\laundry\system\CodeIgniter.php(824): App\Controllers\Api->login()
#3 C:\xampp\htdocs\laundry\system\CodeIgniter.php(410): CodeIgniter\CodeIgniter->runController(Object(App\Controllers\Api))
#4 C:\xampp\htdocs\laundry\system\CodeIgniter.php(318): CodeIgniter\CodeIgniter->handleRequest(NULL, Object(Config\Cache), false)
#5 C:\xampp\htdocs\laundry\public\index.php(37): CodeIgniter\CodeIgniter->run()
#6 C:\xampp\htdocs\laundry\system\Commands\Server\rewrite.php(43): require_once('C:\\xampp\\htdocs...')
#7 {main}
CRITICAL - 2021-12-02 07:34:50 --> Decrypting: authentication failed.
#0 C:\xampp\htdocs\laundry\system\Encryption\Handlers\OpenSSLHandler.php(98): CodeIgniter\Encryption\Exceptions\EncryptionException::forAuthenticationFailed()
#1 C:\xampp\htdocs\laundry\app\Controllers\Api.php(52): CodeIgniter\Encryption\Handlers\OpenSSLHandler->decrypt('')
#2 C:\xampp\htdocs\laundry\system\CodeIgniter.php(824): App\Controllers\Api->login()
#3 C:\xampp\htdocs\laundry\system\CodeIgniter.php(410): CodeIgniter\CodeIgniter->runController(Object(App\Controllers\Api))
#4 C:\xampp\htdocs\laundry\system\CodeIgniter.php(318): CodeIgniter\CodeIgniter->handleRequest(NULL, Object(Config\Cache), false)
#5 C:\xampp\htdocs\laundry\public\index.php(37): CodeIgniter\CodeIgniter->run()
#6 C:\xampp\htdocs\laundry\system\Commands\Server\rewrite.php(43): require_once('C:\\xampp\\htdocs...')
#7 {main}
CRITICAL - 2021-12-02 07:34:50 --> Decrypting: authentication failed.
#0 C:\xampp\htdocs\laundry\system\Encryption\Handlers\OpenSSLHandler.php(98): CodeIgniter\Encryption\Exceptions\EncryptionException::forAuthenticationFailed()
#1 C:\xampp\htdocs\laundry\app\Controllers\Api.php(52): CodeIgniter\Encryption\Handlers\OpenSSLHandler->decrypt('')
#2 C:\xampp\htdocs\laundry\system\CodeIgniter.php(824): App\Controllers\Api->login()
#3 C:\xampp\htdocs\laundry\system\CodeIgniter.php(410): CodeIgniter\CodeIgniter->runController(Object(App\Controllers\Api))
#4 C:\xampp\htdocs\laundry\system\CodeIgniter.php(318): CodeIgniter\CodeIgniter->handleRequest(NULL, Object(Config\Cache), false)
#5 C:\xampp\htdocs\laundry\public\index.php(37): CodeIgniter\CodeIgniter->run()
#6 C:\xampp\htdocs\laundry\system\Commands\Server\rewrite.php(43): require_once('C:\\xampp\\htdocs...')
#7 {main}
CRITICAL - 2021-12-02 07:35:14 --> Decrypting: authentication failed.
#0 C:\xampp\htdocs\laundry\system\Encryption\Handlers\OpenSSLHandler.php(98): CodeIgniter\Encryption\Exceptions\EncryptionException::forAuthenticationFailed()
#1 C:\xampp\htdocs\laundry\app\Controllers\Api.php(52): CodeIgniter\Encryption\Handlers\OpenSSLHandler->decrypt('')
#2 C:\xampp\htdocs\laundry\system\CodeIgniter.php(824): App\Controllers\Api->login()
#3 C:\xampp\htdocs\laundry\system\CodeIgniter.php(410): CodeIgniter\CodeIgniter->runController(Object(App\Controllers\Api))
#4 C:\xampp\htdocs\laundry\system\CodeIgniter.php(318): CodeIgniter\CodeIgniter->handleRequest(NULL, Object(Config\Cache), false)
#5 C:\xampp\htdocs\laundry\public\index.php(37): CodeIgniter\CodeIgniter->run()
#6 C:\xampp\htdocs\laundry\system\Commands\Server\rewrite.php(43): require_once('C:\\xampp\\htdocs...')
#7 {main}
CRITICAL - 2021-12-02 07:35:15 --> Decrypting: authentication failed.
#0 C:\xampp\htdocs\laundry\system\Encryption\Handlers\OpenSSLHandler.php(98): CodeIgniter\Encryption\Exceptions\EncryptionException::forAuthenticationFailed()
#1 C:\xampp\htdocs\laundry\app\Controllers\Api.php(52): CodeIgniter\Encryption\Handlers\OpenSSLHandler->decrypt('')
#2 C:\xampp\htdocs\laundry\system\CodeIgniter.php(824): App\Controllers\Api->login()
#3 C:\xampp\htdocs\laundry\system\CodeIgniter.php(410): CodeIgniter\CodeIgniter->runController(Object(App\Controllers\Api))
#4 C:\xampp\htdocs\laundry\system\CodeIgniter.php(318): CodeIgniter\CodeIgniter->handleRequest(NULL, Object(Config\Cache), false)
#5 C:\xampp\htdocs\laundry\public\index.php(37): CodeIgniter\CodeIgniter->run()
#6 C:\xampp\htdocs\laundry\system\Commands\Server\rewrite.php(43): require_once('C:\\xampp\\htdocs...')
#7 {main}
ERROR - 2021-12-02 07:41:17 --> Unknown column 'nik' in 'field list'
CRITICAL - 2021-12-02 07:56:08 --> Cannot redeclare App\Controllers\Api::get_karyawan()
#0 [internal function]: CodeIgniter\Debug\Exceptions->shutdownHandler()
#1 {main}
CRITICAL - 2021-12-02 07:56:11 --> Cannot redeclare App\Controllers\Api::get_karyawan()
#0 [internal function]: CodeIgniter\Debug\Exceptions->shutdownHandler()
#1 {main}
