ERROR - 2021-12-05 08:21:06 --> Table 'laundry.products' doesn't exist
ERROR - 2021-12-05 08:21:10 --> Table 'laundry.products' doesn't exist
CRITICAL - 2021-12-05 09:04:46 --> Undefined index: type
#0 C:\xampp\htdocs\laundry\app\Controllers\Api.php(66): CodeIgniter\Debug\Exceptions->errorHandler(8, 'Undefined index...', 'C:\\xampp\\htdocs...', 66, Array)
#1 C:\xampp\htdocs\laundry\system\CodeIgniter.php(824): App\Controllers\Api->login()
#2 C:\xampp\htdocs\laundry\system\CodeIgniter.php(410): CodeIgniter\CodeIgniter->runController(Object(App\Controllers\Api))
#3 C:\xampp\htdocs\laundry\system\CodeIgniter.php(318): CodeIgniter\CodeIgniter->handleRequest(NULL, Object(Config\Cache), false)
#4 C:\xampp\htdocs\laundry\public\index.php(37): CodeIgniter\CodeIgniter->run()
#5 C:\xampp\htdocs\laundry\system\Commands\Server\rewrite.php(43): require_once('C:\\xampp\\htdocs...')
#6 {main}
CRITICAL - 2021-12-05 09:05:05 --> Undefined index: type
#0 C:\xampp\htdocs\laundry\app\Controllers\Api.php(66): CodeIgniter\Debug\Exceptions->errorHandler(8, 'Undefined index...', 'C:\\xampp\\htdocs...', 66, Array)
#1 C:\xampp\htdocs\laundry\system\CodeIgniter.php(824): App\Controllers\Api->login()
#2 C:\xampp\htdocs\laundry\system\CodeIgniter.php(410): CodeIgniter\CodeIgniter->runController(Object(App\Controllers\Api))
#3 C:\xampp\htdocs\laundry\system\CodeIgniter.php(318): CodeIgniter\CodeIgniter->handleRequest(NULL, Object(Config\Cache), false)
#4 C:\xampp\htdocs\laundry\public\index.php(37): CodeIgniter\CodeIgniter->run()
#5 C:\xampp\htdocs\laundry\system\Commands\Server\rewrite.php(43): require_once('C:\\xampp\\htdocs...')
#6 {main}
CRITICAL - 2021-12-05 09:05:12 --> Undefined index: type
#0 C:\xampp\htdocs\laundry\app\Controllers\Api.php(66): CodeIgniter\Debug\Exceptions->errorHandler(8, 'Undefined index...', 'C:\\xampp\\htdocs...', 66, Array)
#1 C:\xampp\htdocs\laundry\system\CodeIgniter.php(824): App\Controllers\Api->login()
#2 C:\xampp\htdocs\laundry\system\CodeIgniter.php(410): CodeIgniter\CodeIgniter->runController(Object(App\Controllers\Api))
#3 C:\xampp\htdocs\laundry\system\CodeIgniter.php(318): CodeIgniter\CodeIgniter->handleRequest(NULL, Object(Config\Cache), false)
#4 C:\xampp\htdocs\laundry\public\index.php(37): CodeIgniter\CodeIgniter->run()
#5 C:\xampp\htdocs\laundry\system\Commands\Server\rewrite.php(43): require_once('C:\\xampp\\htdocs...')
#6 {main}
CRITICAL - 2021-12-05 09:10:45 --> Call to undefined function App\Models\enkripsi_password()
#0 C:\xampp\htdocs\laundry\app\Controllers\Api.php(123): App\Models\Karyawan_Model->addKaryawan(Array)
#1 C:\xampp\htdocs\laundry\system\CodeIgniter.php(824): App\Controllers\Api->tambah_karyawan()
#2 C:\xampp\htdocs\laundry\system\CodeIgniter.php(410): CodeIgniter\CodeIgniter->runController(Object(App\Controllers\Api))
#3 C:\xampp\htdocs\laundry\system\CodeIgniter.php(318): CodeIgniter\CodeIgniter->handleRequest(NULL, Object(Config\Cache), false)
#4 C:\xampp\htdocs\laundry\public\index.php(37): CodeIgniter\CodeIgniter->run()
#5 C:\xampp\htdocs\laundry\system\Commands\Server\rewrite.php(43): require_once('C:\\xampp\\htdocs...')
#6 {main}
